[0m11:03:48.126687 [debug] [MainThread]: Sending event: {'category': 'dbt', 'action': 'invocation', 'label': 'start', 'context': [<snowplow_tracker.self_describing_json.SelfDescribingJson object at 0x0000021A5F5BC230>, <snowplow_tracker.self_describing_json.SelfDescribingJson object at 0x0000021A5F5BC050>, <snowplow_tracker.self_describing_json.SelfDescribingJson object at 0x0000021A5F5BF560>]}


============================== 11:03:48.135152 | 96c11e7b-d3f4-42a6-8ac4-3f89108e616b ==============================
[0m11:03:48.135152 [info ] [MainThread]: Running with dbt=1.7.9
[0m11:03:48.141052 [debug] [MainThread]: running dbt with arguments {'printer_width': '80', 'indirect_selection': 'eager', 'write_json': 'True', 'log_cache_events': 'False', 'partial_parse': 'True', 'cache_selected_only': 'False', 'warn_error': 'None', 'fail_fast': 'False', 'debug': 'False', 'log_path': 'C:\\Users\\anton\\my-dbt-env\\dbt_quest\\logs', 'version_check': 'True', 'profiles_dir': 'C:\\Users\\anton\\.dbt', 'use_colors': 'True', 'use_experimental_parser': 'False', 'no_print': 'None', 'quiet': 'False', 'log_format': 'default', 'static_parser': 'True', 'introspect': 'True', 'invocation_command': 'dbt run', 'target_path': 'None', 'warn_error_options': 'WarnErrorOptions(include=[], exclude=[])', 'send_anonymous_usage_stats': 'True'}
[0m11:03:48.283064 [error] [MainThread]: Encountered an error:
Runtime Error
  Credentials in profile "dbt_quest", target "dev" invalid: ['schema'] is not of type 'string'
[0m11:03:48.286087 [debug] [MainThread]: Command `dbt run` failed at 11:03:48.283064 after 0.52 seconds
[0m11:03:48.286087 [debug] [MainThread]: Sending event: {'category': 'dbt', 'action': 'invocation', 'label': 'end', 'context': [<snowplow_tracker.self_describing_json.SelfDescribingJson object at 0x0000021A5F5BEF90>, <snowplow_tracker.self_describing_json.SelfDescribingJson object at 0x0000021A5F6C3830>, <snowplow_tracker.self_describing_json.SelfDescribingJson object at 0x0000021A5F34AF30>]}
[0m11:03:48.286087 [debug] [MainThread]: Flushing usage events
[0m11:39:44.239549 [debug] [MainThread]: Sending event: {'category': 'dbt', 'action': 'invocation', 'label': 'start', 'context': [<snowplow_tracker.self_describing_json.SelfDescribingJson object at 0x000001FF38DBC6E0>, <snowplow_tracker.self_describing_json.SelfDescribingJson object at 0x000001FF38DBC800>, <snowplow_tracker.self_describing_json.SelfDescribingJson object at 0x000001FF38DBC650>]}


============================== 11:39:44.246551 | 1380fee9-2eb4-4e73-883a-2c57456c62d8 ==============================
[0m11:39:44.246551 [info ] [MainThread]: Running with dbt=1.7.9
[0m11:39:44.247383 [debug] [MainThread]: running dbt with arguments {'printer_width': '80', 'indirect_selection': 'eager', 'log_cache_events': 'False', 'write_json': 'True', 'partial_parse': 'True', 'cache_selected_only': 'False', 'warn_error': 'None', 'fail_fast': 'False', 'version_check': 'True', 'log_path': 'C:\\Users\\anton\\my-dbt-env\\dbt_quest\\logs', 'debug': 'False', 'profiles_dir': 'C:\\Users\\anton\\.dbt', 'use_colors': 'True', 'use_experimental_parser': 'False', 'no_print': 'None', 'quiet': 'False', 'warn_error_options': 'WarnErrorOptions(include=[], exclude=[])', 'static_parser': 'True', 'introspect': 'True', 'log_format': 'default', 'target_path': 'None', 'invocation_command': 'dbt run', 'send_anonymous_usage_stats': 'True'}
[0m11:39:44.333090 [error] [MainThread]: Encountered an error:
Runtime Error
  Credentials in profile "dbt_quest", target "dev" invalid: ['schema'] is not of type 'string'
[0m11:39:44.333587 [debug] [MainThread]: Command `dbt run` failed at 11:39:44.333587 after 0.22 seconds
[0m11:39:44.334608 [debug] [MainThread]: Sending event: {'category': 'dbt', 'action': 'invocation', 'label': 'end', 'context': [<snowplow_tracker.self_describing_json.SelfDescribingJson object at 0x000001FF3892DDC0>, <snowplow_tracker.self_describing_json.SelfDescribingJson object at 0x000001FF38F1D0A0>, <snowplow_tracker.self_describing_json.SelfDescribingJson object at 0x000001FF38033B00>]}
[0m11:39:44.334608 [debug] [MainThread]: Flushing usage events
[0m11:46:23.347733 [debug] [MainThread]: Sending event: {'category': 'dbt', 'action': 'invocation', 'label': 'start', 'context': [<snowplow_tracker.self_describing_json.SelfDescribingJson object at 0x0000026E65F97020>, <snowplow_tracker.self_describing_json.SelfDescribingJson object at 0x0000026E65E5F560>, <snowplow_tracker.self_describing_json.SelfDescribingJson object at 0x0000026E65E5FCE0>]}


============================== 11:46:23.351741 | c5f3fec0-d8ce-4826-b95c-f33be2740d46 ==============================
[0m11:46:23.351741 [info ] [MainThread]: Running with dbt=1.7.9
[0m11:46:23.352740 [debug] [MainThread]: running dbt with arguments {'printer_width': '80', 'indirect_selection': 'eager', 'log_cache_events': 'False', 'write_json': 'True', 'partial_parse': 'True', 'cache_selected_only': 'False', 'profiles_dir': 'C:\\Users\\anton\\.dbt', 'debug': 'False', 'warn_error': 'None', 'log_path': 'C:\\Users\\anton\\my-dbt-env\\dbt_quest\\logs', 'version_check': 'True', 'fail_fast': 'False', 'use_colors': 'True', 'use_experimental_parser': 'False', 'no_print': 'None', 'quiet': 'False', 'warn_error_options': 'WarnErrorOptions(include=[], exclude=[])', 'static_parser': 'True', 'introspect': 'True', 'log_format': 'default', 'target_path': 'None', 'invocation_command': 'dbt run', 'send_anonymous_usage_stats': 'True'}
[0m11:46:23.516761 [debug] [MainThread]: Sending event: {'category': 'dbt', 'action': 'project_id', 'label': 'c5f3fec0-d8ce-4826-b95c-f33be2740d46', 'context': [<snowplow_tracker.self_describing_json.SelfDescribingJson object at 0x0000026E65C49FD0>]}
[0m11:46:23.588857 [debug] [MainThread]: Sending event: {'category': 'dbt', 'action': 'adapter_info', 'label': 'c5f3fec0-d8ce-4826-b95c-f33be2740d46', 'context': [<snowplow_tracker.self_describing_json.SelfDescribingJson object at 0x0000026E65DDAE70>]}
[0m11:46:23.589857 [info ] [MainThread]: Registered adapter: mysql=1.7.0
[0m11:46:23.596960 [debug] [MainThread]: checksum: 6ff0d83c3b46f350064523b4e08d9241403ad71d606ba49c4e670afba3668b39, vars: {}, profile: , target: , version: 1.7.9
[0m11:46:23.597948 [info ] [MainThread]: Unable to do partial parsing because saved manifest not found. Starting full parse.
[0m11:46:23.598950 [debug] [MainThread]: Sending event: {'category': 'dbt', 'action': 'partial_parser', 'label': 'c5f3fec0-d8ce-4826-b95c-f33be2740d46', 'context': [<snowplow_tracker.self_describing_json.SelfDescribingJson object at 0x0000026E67289A90>]}
[0m11:46:24.238698 [debug] [MainThread]: Sending event: {'category': 'dbt', 'action': 'load_project', 'label': 'c5f3fec0-d8ce-4826-b95c-f33be2740d46', 'context': [<snowplow_tracker.self_describing_json.SelfDescribingJson object at 0x0000026E670149B0>]}
[0m11:46:24.246705 [debug] [MainThread]: Sending event: {'category': 'dbt', 'action': 'resource_counts', 'label': 'c5f3fec0-d8ce-4826-b95c-f33be2740d46', 'context': [<snowplow_tracker.self_describing_json.SelfDescribingJson object at 0x0000026E6757B080>]}
[0m11:46:24.247706 [info ] [MainThread]: Found 1 model, 1 source, 0 exposures, 0 metrics, 375 macros, 0 groups, 0 semantic models
[0m11:46:24.247706 [debug] [MainThread]: Sending event: {'category': 'dbt', 'action': 'runnable_timing', 'label': 'c5f3fec0-d8ce-4826-b95c-f33be2740d46', 'context': [<snowplow_tracker.self_describing_json.SelfDescribingJson object at 0x0000026E67580CB0>]}
[0m11:46:24.249154 [info ] [MainThread]: 
[0m11:46:24.250507 [debug] [MainThread]: Acquiring new mysql connection 'master'
[0m11:46:24.251513 [debug] [ThreadPool]: Acquiring new mysql connection 'list_schemas'
[0m11:46:24.258848 [debug] [ThreadPool]: Using mysql connection "list_schemas"
[0m11:46:24.258848 [debug] [ThreadPool]: On list_schemas: /* {"app": "dbt", "dbt_version": "1.7.9", "profile_name": "dbt_quest", "target_name": "dev", "connection_name": "list_schemas"} */
select distinct schema_name
        from information_schema.schemata
[0m11:46:24.258848 [debug] [ThreadPool]: Opening a new connection, currently in state init
[0m11:46:24.458291 [debug] [ThreadPool]: SQL status: SUCCESS 8 in 0.0 seconds
[0m11:46:24.460288 [debug] [ThreadPool]: On list_schemas: Close
[0m11:46:24.462290 [debug] [ThreadPool]: Re-using an available connection from the pool (formerly list_schemas, now create__my_dbt_dbs)
[0m11:46:24.463287 [debug] [ThreadPool]: Creating schema "schema: "my_dbt_dbs"
"
[0m11:46:24.470415 [debug] [ThreadPool]: Using mysql connection "create__my_dbt_dbs"
[0m11:46:24.471466 [debug] [ThreadPool]: On create__my_dbt_dbs: BEGIN
[0m11:46:24.471466 [debug] [ThreadPool]: Opening a new connection, currently in state closed
[0m11:46:24.479986 [debug] [ThreadPool]: SQL status: SUCCESS 0 in 0.0 seconds
[0m11:46:24.480987 [debug] [ThreadPool]: Using mysql connection "create__my_dbt_dbs"
[0m11:46:24.480987 [debug] [ThreadPool]: On create__my_dbt_dbs: /* {"app": "dbt", "dbt_version": "1.7.9", "profile_name": "dbt_quest", "target_name": "dev", "connection_name": "create__my_dbt_dbs"} */
create schema if not exists `my_dbt_dbs`
[0m11:46:24.490407 [debug] [ThreadPool]: SQL status: SUCCESS 1 in 0.0 seconds
[0m11:46:24.491686 [debug] [ThreadPool]: On create__my_dbt_dbs: COMMIT
[0m11:46:24.491686 [debug] [ThreadPool]: Using mysql connection "create__my_dbt_dbs"
[0m11:46:24.491686 [debug] [ThreadPool]: On create__my_dbt_dbs: COMMIT
[0m11:46:24.492694 [debug] [ThreadPool]: SQL status: SUCCESS 0 in 0.0 seconds
[0m11:46:24.492694 [debug] [ThreadPool]: On create__my_dbt_dbs: Close
[0m11:46:24.494698 [debug] [ThreadPool]: Acquiring new mysql connection 'list_None_my_dbt_dbs'
[0m11:46:24.499697 [debug] [ThreadPool]: Using mysql connection "list_None_my_dbt_dbs"
[0m11:46:24.499697 [debug] [ThreadPool]: On list_None_my_dbt_dbs: BEGIN
[0m11:46:24.500696 [debug] [ThreadPool]: Opening a new connection, currently in state init
[0m11:46:24.506130 [debug] [ThreadPool]: SQL status: SUCCESS 0 in 0.0 seconds
[0m11:46:24.506130 [debug] [ThreadPool]: Using mysql connection "list_None_my_dbt_dbs"
[0m11:46:24.507141 [debug] [ThreadPool]: On list_None_my_dbt_dbs: /* {"app": "dbt", "dbt_version": "1.7.9", "profile_name": "dbt_quest", "target_name": "dev", "connection_name": "list_None_my_dbt_dbs"} */
select
      null as "database",
      table_name as name,
      table_schema as "schema",
      case when table_type = 'BASE TABLE' then 'table'
           when table_type = 'VIEW' then 'view'
           else table_type
      end as table_type
    from information_schema.tables
    where table_schema = 'my_dbt_dbs'
  
[0m11:46:24.516137 [debug] [ThreadPool]: SQL status: SUCCESS 0 in 0.0 seconds
[0m11:46:24.517137 [debug] [ThreadPool]: On list_None_my_dbt_dbs: ROLLBACK
[0m11:46:24.517137 [debug] [ThreadPool]: On list_None_my_dbt_dbs: Close
[0m11:46:24.518136 [debug] [MainThread]: Sending event: {'category': 'dbt', 'action': 'runnable_timing', 'label': 'c5f3fec0-d8ce-4826-b95c-f33be2740d46', 'context': [<snowplow_tracker.self_describing_json.SelfDescribingJson object at 0x0000026E675923F0>]}
[0m11:46:24.518136 [debug] [MainThread]: Using mysql connection "master"
[0m11:46:24.518136 [debug] [MainThread]: On master: BEGIN
[0m11:46:24.518136 [debug] [MainThread]: Opening a new connection, currently in state init
[0m11:46:24.523198 [debug] [MainThread]: SQL status: SUCCESS 0 in 0.0 seconds
[0m11:46:24.523198 [debug] [MainThread]: On master: COMMIT
[0m11:46:24.524200 [debug] [MainThread]: Using mysql connection "master"
[0m11:46:24.524200 [debug] [MainThread]: On master: COMMIT
[0m11:46:24.524200 [debug] [MainThread]: SQL status: SUCCESS 0 in 0.0 seconds
[0m11:46:24.524200 [debug] [MainThread]: On master: Close
[0m11:46:24.525200 [info ] [MainThread]: Concurrency: 1 threads (target='dev')
[0m11:46:24.525200 [info ] [MainThread]: 
[0m11:46:24.529681 [debug] [Thread-1 (]: Began running node model.dbt_quest.stg_customers
[0m11:46:24.529681 [info ] [Thread-1 (]: 1 of 1 START sql view model my_dbt_dbs.stg_customers ........................... [RUN]
[0m11:46:24.530680 [debug] [Thread-1 (]: Acquiring new mysql connection 'model.dbt_quest.stg_customers'
[0m11:46:24.530680 [debug] [Thread-1 (]: Began compiling node model.dbt_quest.stg_customers
[0m11:46:24.537733 [debug] [Thread-1 (]: Writing injected SQL for node "model.dbt_quest.stg_customers"
[0m11:46:24.538920 [debug] [Thread-1 (]: Timing info for model.dbt_quest.stg_customers (compile): 11:46:24.531682 => 11:46:24.538920
[0m11:46:24.540072 [debug] [Thread-1 (]: Began executing node model.dbt_quest.stg_customers
[0m11:46:24.561085 [debug] [Thread-1 (]: Writing runtime sql for node "model.dbt_quest.stg_customers"
[0m11:46:24.563078 [debug] [Thread-1 (]: Using mysql connection "model.dbt_quest.stg_customers"
[0m11:46:24.563078 [debug] [Thread-1 (]: On model.dbt_quest.stg_customers: BEGIN
[0m11:46:24.563078 [debug] [Thread-1 (]: Opening a new connection, currently in state init
[0m11:46:24.569334 [debug] [Thread-1 (]: SQL status: SUCCESS 0 in 0.0 seconds
[0m11:46:24.570505 [debug] [Thread-1 (]: Using mysql connection "model.dbt_quest.stg_customers"
[0m11:46:24.570505 [debug] [Thread-1 (]: On model.dbt_quest.stg_customers: /* {"app": "dbt", "dbt_version": "1.7.9", "profile_name": "dbt_quest", "target_name": "dev", "node_id": "model.dbt_quest.stg_customers"} */

  create view `my_dbt_dbs`.`stg_customers__dbt_tmp`
    
    
  as (
    with source as (
    select * from `my_dbt_db`.`raw_customers`
),
renamed as (
    select
        id as customer_id,
        name as customer_name
    from source
)
select * from renamed
  );
[0m11:46:24.597703 [debug] [Thread-1 (]: SQL status: SUCCESS 0 in 0.0 seconds
[0m11:46:24.604590 [debug] [Thread-1 (]: Using mysql connection "model.dbt_quest.stg_customers"
[0m11:46:24.604590 [debug] [Thread-1 (]: On model.dbt_quest.stg_customers: /* {"app": "dbt", "dbt_version": "1.7.9", "profile_name": "dbt_quest", "target_name": "dev", "node_id": "model.dbt_quest.stg_customers"} */

    drop view if exists `my_dbt_dbs`.`stg_customers` cascade
  
[0m11:46:24.607597 [debug] [Thread-1 (]: SQL status: SUCCESS 0 in 0.0 seconds
[0m11:46:24.608107 [debug] [Thread-1 (]: Using mysql connection "model.dbt_quest.stg_customers"
[0m11:46:24.608107 [debug] [Thread-1 (]: On model.dbt_quest.stg_customers: /* {"app": "dbt", "dbt_version": "1.7.9", "profile_name": "dbt_quest", "target_name": "dev", "node_id": "model.dbt_quest.stg_customers"} */

    rename table `my_dbt_dbs`.`stg_customers__dbt_tmp` to `my_dbt_dbs`.`stg_customers`
  
[0m11:46:24.611120 [debug] [Thread-1 (]: SQL status: SUCCESS 0 in 0.0 seconds
[0m11:46:24.621878 [debug] [Thread-1 (]: On model.dbt_quest.stg_customers: COMMIT
[0m11:46:24.621878 [debug] [Thread-1 (]: Using mysql connection "model.dbt_quest.stg_customers"
[0m11:46:24.622885 [debug] [Thread-1 (]: On model.dbt_quest.stg_customers: COMMIT
[0m11:46:24.622885 [debug] [Thread-1 (]: SQL status: SUCCESS 0 in 0.0 seconds
[0m11:46:24.625886 [debug] [Thread-1 (]: Using mysql connection "model.dbt_quest.stg_customers"
[0m11:46:24.625886 [debug] [Thread-1 (]: On model.dbt_quest.stg_customers: /* {"app": "dbt", "dbt_version": "1.7.9", "profile_name": "dbt_quest", "target_name": "dev", "node_id": "model.dbt_quest.stg_customers"} */
drop view if exists `my_dbt_dbs`.`stg_customers__dbt_backup`
[0m11:46:24.627883 [debug] [Thread-1 (]: SQL status: SUCCESS 0 in 0.0 seconds
[0m11:46:24.628885 [debug] [Thread-1 (]: Timing info for model.dbt_quest.stg_customers (execute): 11:46:24.540072 => 11:46:24.628885
[0m11:46:24.628885 [debug] [Thread-1 (]: On model.dbt_quest.stg_customers: Close
[0m11:46:24.629889 [debug] [Thread-1 (]: Sending event: {'category': 'dbt', 'action': 'run_model', 'label': 'c5f3fec0-d8ce-4826-b95c-f33be2740d46', 'context': [<snowplow_tracker.self_describing_json.SelfDescribingJson object at 0x0000026E6771BF80>]}
[0m11:46:24.629889 [info ] [Thread-1 (]: 1 of 1 OK created sql view model my_dbt_dbs.stg_customers ...................... [[32mSUCCESS 0[0m in 0.10s]
[0m11:46:24.631065 [debug] [Thread-1 (]: Finished running node model.dbt_quest.stg_customers
[0m11:46:24.632178 [debug] [MainThread]: Using mysql connection "master"
[0m11:46:24.632178 [debug] [MainThread]: On master: BEGIN
[0m11:46:24.632178 [debug] [MainThread]: Opening a new connection, currently in state closed
[0m11:46:24.637101 [debug] [MainThread]: SQL status: SUCCESS 0 in 0.0 seconds
[0m11:46:24.637101 [debug] [MainThread]: On master: COMMIT
[0m11:46:24.638109 [debug] [MainThread]: Using mysql connection "master"
[0m11:46:24.638109 [debug] [MainThread]: On master: COMMIT
[0m11:46:24.638109 [debug] [MainThread]: SQL status: SUCCESS 0 in 0.0 seconds
[0m11:46:24.638109 [debug] [MainThread]: On master: Close
[0m11:46:24.639105 [debug] [MainThread]: Connection 'master' was properly closed.
[0m11:46:24.639105 [debug] [MainThread]: Connection 'create__my_dbt_dbs' was properly closed.
[0m11:46:24.639105 [debug] [MainThread]: Connection 'list_None_my_dbt_dbs' was properly closed.
[0m11:46:24.640108 [debug] [MainThread]: Connection 'model.dbt_quest.stg_customers' was properly closed.
[0m11:46:24.640108 [info ] [MainThread]: 
[0m11:46:24.640108 [info ] [MainThread]: Finished running 1 view model in 0 hours 0 minutes and 0.39 seconds (0.39s).
[0m11:46:24.641101 [debug] [MainThread]: Command end result
[0m11:46:24.646114 [info ] [MainThread]: 
[0m11:46:24.647107 [info ] [MainThread]: [32mCompleted successfully[0m
[0m11:46:24.647107 [info ] [MainThread]: 
[0m11:46:24.648110 [info ] [MainThread]: Done. PASS=1 WARN=0 ERROR=0 SKIP=0 TOTAL=1
[0m11:46:24.648110 [debug] [MainThread]: Command `dbt run` succeeded at 11:46:24.648110 after 1.42 seconds
[0m11:46:24.649107 [debug] [MainThread]: Sending event: {'category': 'dbt', 'action': 'invocation', 'label': 'end', 'context': [<snowplow_tracker.self_describing_json.SelfDescribingJson object at 0x0000026E65B4F260>, <snowplow_tracker.self_describing_json.SelfDescribingJson object at 0x0000026E65470B60>, <snowplow_tracker.self_describing_json.SelfDescribingJson object at 0x0000026E674DC0E0>]}
[0m11:46:24.649107 [debug] [MainThread]: Flushing usage events
[0m11:47:14.789280 [debug] [MainThread]: Sending event: {'category': 'dbt', 'action': 'invocation', 'label': 'start', 'context': [<snowplow_tracker.self_describing_json.SelfDescribingJson object at 0x000001DE3151ACF0>, <snowplow_tracker.self_describing_json.SelfDescribingJson object at 0x000001DE318BC7D0>, <snowplow_tracker.self_describing_json.SelfDescribingJson object at 0x000001DE318BC680>]}


============================== 11:47:14.796972 | b554b8b6-6642-43cd-aa9f-cf025e8a3076 ==============================
[0m11:47:14.796972 [info ] [MainThread]: Running with dbt=1.7.9
[0m11:47:14.797616 [debug] [MainThread]: running dbt with arguments {'printer_width': '80', 'indirect_selection': 'eager', 'write_json': 'True', 'log_cache_events': 'False', 'partial_parse': 'True', 'cache_selected_only': 'False', 'profiles_dir': 'C:\\Users\\anton\\.dbt', 'version_check': 'True', 'debug': 'False', 'log_path': 'C:\\Users\\anton\\my-dbt-env\\dbt_quest\\logs', 'fail_fast': 'False', 'warn_error': 'None', 'use_colors': 'True', 'use_experimental_parser': 'False', 'no_print': 'None', 'quiet': 'False', 'warn_error_options': 'WarnErrorOptions(include=[], exclude=[])', 'invocation_command': 'dbt run', 'static_parser': 'True', 'log_format': 'default', 'target_path': 'None', 'introspect': 'True', 'send_anonymous_usage_stats': 'True'}
[0m11:47:14.959114 [debug] [MainThread]: Sending event: {'category': 'dbt', 'action': 'project_id', 'label': 'b554b8b6-6642-43cd-aa9f-cf025e8a3076', 'context': [<snowplow_tracker.self_describing_json.SelfDescribingJson object at 0x000001DE318BC320>]}
[0m11:47:15.026934 [debug] [MainThread]: Sending event: {'category': 'dbt', 'action': 'adapter_info', 'label': 'b554b8b6-6642-43cd-aa9f-cf025e8a3076', 'context': [<snowplow_tracker.self_describing_json.SelfDescribingJson object at 0x000001DE3165AC90>]}
[0m11:47:15.026934 [info ] [MainThread]: Registered adapter: mysql=1.7.0
[0m11:47:15.033297 [debug] [MainThread]: checksum: 6ff0d83c3b46f350064523b4e08d9241403ad71d606ba49c4e670afba3668b39, vars: {}, profile: , target: , version: 1.7.9
[0m11:47:15.037949 [info ] [MainThread]: Unable to do partial parsing because profile has changed
[0m11:47:15.039456 [debug] [MainThread]: Sending event: {'category': 'dbt', 'action': 'partial_parser', 'label': 'b554b8b6-6642-43cd-aa9f-cf025e8a3076', 'context': [<snowplow_tracker.self_describing_json.SelfDescribingJson object at 0x000001DE316DA330>]}
[0m11:47:15.729769 [debug] [MainThread]: Sending event: {'category': 'dbt', 'action': 'load_project', 'label': 'b554b8b6-6642-43cd-aa9f-cf025e8a3076', 'context': [<snowplow_tracker.self_describing_json.SelfDescribingJson object at 0x000001DE31D85520>]}
[0m11:47:15.739158 [debug] [MainThread]: Sending event: {'category': 'dbt', 'action': 'resource_counts', 'label': 'b554b8b6-6642-43cd-aa9f-cf025e8a3076', 'context': [<snowplow_tracker.self_describing_json.SelfDescribingJson object at 0x000001DE31CD1A00>]}
[0m11:47:15.739158 [info ] [MainThread]: Found 1 model, 1 source, 0 exposures, 0 metrics, 375 macros, 0 groups, 0 semantic models
[0m11:47:15.739881 [debug] [MainThread]: Sending event: {'category': 'dbt', 'action': 'runnable_timing', 'label': 'b554b8b6-6642-43cd-aa9f-cf025e8a3076', 'context': [<snowplow_tracker.self_describing_json.SelfDescribingJson object at 0x000001DE31C32570>]}
[0m11:47:15.741895 [info ] [MainThread]: 
[0m11:47:15.742895 [debug] [MainThread]: Acquiring new mysql connection 'master'
[0m11:47:15.744894 [debug] [ThreadPool]: Acquiring new mysql connection 'list_schemas'
[0m11:47:15.752647 [debug] [ThreadPool]: Using mysql connection "list_schemas"
[0m11:47:15.752647 [debug] [ThreadPool]: On list_schemas: /* {"app": "dbt", "dbt_version": "1.7.9", "profile_name": "dbt_quest", "target_name": "dev", "connection_name": "list_schemas"} */
select distinct schema_name
        from information_schema.schemata
[0m11:47:15.753650 [debug] [ThreadPool]: Opening a new connection, currently in state init
[0m11:47:15.790572 [debug] [ThreadPool]: SQL status: SUCCESS 9 in 0.0 seconds
[0m11:47:15.791997 [debug] [ThreadPool]: On list_schemas: Close
[0m11:47:15.793004 [debug] [ThreadPool]: Acquiring new mysql connection 'list_None_my_dbt_db'
[0m11:47:15.799794 [debug] [ThreadPool]: Using mysql connection "list_None_my_dbt_db"
[0m11:47:15.799794 [debug] [ThreadPool]: On list_None_my_dbt_db: BEGIN
[0m11:47:15.799794 [debug] [ThreadPool]: Opening a new connection, currently in state init
[0m11:47:15.805429 [debug] [ThreadPool]: SQL status: SUCCESS 0 in 0.0 seconds
[0m11:47:15.805429 [debug] [ThreadPool]: Using mysql connection "list_None_my_dbt_db"
[0m11:47:15.806553 [debug] [ThreadPool]: On list_None_my_dbt_db: /* {"app": "dbt", "dbt_version": "1.7.9", "profile_name": "dbt_quest", "target_name": "dev", "connection_name": "list_None_my_dbt_db"} */
select
      null as "database",
      table_name as name,
      table_schema as "schema",
      case when table_type = 'BASE TABLE' then 'table'
           when table_type = 'VIEW' then 'view'
           else table_type
      end as table_type
    from information_schema.tables
    where table_schema = 'my_dbt_db'
  
[0m11:47:15.808569 [debug] [ThreadPool]: SQL status: SUCCESS 6 in 0.0 seconds
[0m11:47:15.809566 [debug] [ThreadPool]: On list_None_my_dbt_db: ROLLBACK
[0m11:47:15.810559 [debug] [ThreadPool]: On list_None_my_dbt_db: Close
[0m11:47:15.812064 [debug] [MainThread]: Sending event: {'category': 'dbt', 'action': 'runnable_timing', 'label': 'b554b8b6-6642-43cd-aa9f-cf025e8a3076', 'context': [<snowplow_tracker.self_describing_json.SelfDescribingJson object at 0x000001DE31DD9B20>]}
[0m11:47:15.812064 [debug] [MainThread]: Using mysql connection "master"
[0m11:47:15.812064 [debug] [MainThread]: On master: BEGIN
[0m11:47:15.812064 [debug] [MainThread]: Opening a new connection, currently in state init
[0m11:47:15.819583 [debug] [MainThread]: SQL status: SUCCESS 0 in 0.0 seconds
[0m11:47:15.820591 [debug] [MainThread]: On master: COMMIT
[0m11:47:15.820591 [debug] [MainThread]: Using mysql connection "master"
[0m11:47:15.820591 [debug] [MainThread]: On master: COMMIT
[0m11:47:15.821575 [debug] [MainThread]: SQL status: SUCCESS 0 in 0.0 seconds
[0m11:47:15.821575 [debug] [MainThread]: On master: Close
[0m11:47:15.821575 [info ] [MainThread]: Concurrency: 1 threads (target='dev')
[0m11:47:15.822577 [info ] [MainThread]: 
[0m11:47:15.827078 [debug] [Thread-1 (]: Began running node model.dbt_quest.stg_customers
[0m11:47:15.828084 [info ] [Thread-1 (]: 1 of 1 START sql view model my_dbt_db.stg_customers ............................ [RUN]
[0m11:47:15.830084 [debug] [Thread-1 (]: Acquiring new mysql connection 'model.dbt_quest.stg_customers'
[0m11:47:15.831084 [debug] [Thread-1 (]: Began compiling node model.dbt_quest.stg_customers
[0m11:47:15.836083 [debug] [Thread-1 (]: Writing injected SQL for node "model.dbt_quest.stg_customers"
[0m11:47:15.837587 [debug] [Thread-1 (]: Timing info for model.dbt_quest.stg_customers (compile): 11:47:15.831084 => 11:47:15.837587
[0m11:47:15.837587 [debug] [Thread-1 (]: Began executing node model.dbt_quest.stg_customers
[0m11:47:15.867116 [debug] [Thread-1 (]: Writing runtime sql for node "model.dbt_quest.stg_customers"
[0m11:47:15.868032 [debug] [Thread-1 (]: Using mysql connection "model.dbt_quest.stg_customers"
[0m11:47:15.868538 [debug] [Thread-1 (]: On model.dbt_quest.stg_customers: BEGIN
[0m11:47:15.868538 [debug] [Thread-1 (]: Opening a new connection, currently in state init
[0m11:47:15.874157 [debug] [Thread-1 (]: SQL status: SUCCESS 0 in 0.0 seconds
[0m11:47:15.875308 [debug] [Thread-1 (]: Using mysql connection "model.dbt_quest.stg_customers"
[0m11:47:15.875815 [debug] [Thread-1 (]: On model.dbt_quest.stg_customers: /* {"app": "dbt", "dbt_version": "1.7.9", "profile_name": "dbt_quest", "target_name": "dev", "node_id": "model.dbt_quest.stg_customers"} */

  create view `my_dbt_db`.`stg_customers__dbt_tmp`
    
    
  as (
    with source as (
    select * from `my_dbt_db`.`raw_customers`
),
renamed as (
    select
        id as customer_id,
        name as customer_name
    from source
)
select * from renamed
  );
[0m11:47:15.882587 [debug] [Thread-1 (]: SQL status: SUCCESS 0 in 0.0 seconds
[0m11:47:15.887842 [debug] [Thread-1 (]: Using mysql connection "model.dbt_quest.stg_customers"
[0m11:47:15.888857 [debug] [Thread-1 (]: On model.dbt_quest.stg_customers: /* {"app": "dbt", "dbt_version": "1.7.9", "profile_name": "dbt_quest", "target_name": "dev", "node_id": "model.dbt_quest.stg_customers"} */

    drop view if exists `my_dbt_db`.`stg_customers` cascade
  
[0m11:47:15.890366 [debug] [Thread-1 (]: SQL status: SUCCESS 0 in 0.0 seconds
[0m11:47:15.890872 [debug] [Thread-1 (]: Using mysql connection "model.dbt_quest.stg_customers"
[0m11:47:15.890872 [debug] [Thread-1 (]: On model.dbt_quest.stg_customers: /* {"app": "dbt", "dbt_version": "1.7.9", "profile_name": "dbt_quest", "target_name": "dev", "node_id": "model.dbt_quest.stg_customers"} */

    rename table `my_dbt_db`.`stg_customers__dbt_tmp` to `my_dbt_db`.`stg_customers`
  
[0m11:47:15.893353 [debug] [Thread-1 (]: SQL status: SUCCESS 0 in 0.0 seconds
[0m11:47:15.902361 [debug] [Thread-1 (]: On model.dbt_quest.stg_customers: COMMIT
[0m11:47:15.903755 [debug] [Thread-1 (]: Using mysql connection "model.dbt_quest.stg_customers"
[0m11:47:15.903755 [debug] [Thread-1 (]: On model.dbt_quest.stg_customers: COMMIT
[0m11:47:15.904754 [debug] [Thread-1 (]: SQL status: SUCCESS 0 in 0.0 seconds
[0m11:47:15.907750 [debug] [Thread-1 (]: Using mysql connection "model.dbt_quest.stg_customers"
[0m11:47:15.907750 [debug] [Thread-1 (]: On model.dbt_quest.stg_customers: /* {"app": "dbt", "dbt_version": "1.7.9", "profile_name": "dbt_quest", "target_name": "dev", "node_id": "model.dbt_quest.stg_customers"} */
drop view if exists `my_dbt_db`.`stg_customers__dbt_backup`
[0m11:47:15.909888 [debug] [Thread-1 (]: SQL status: SUCCESS 0 in 0.0 seconds
[0m11:47:15.911893 [debug] [Thread-1 (]: Timing info for model.dbt_quest.stg_customers (execute): 11:47:15.837587 => 11:47:15.911893
[0m11:47:15.911893 [debug] [Thread-1 (]: On model.dbt_quest.stg_customers: Close
[0m11:47:15.912893 [debug] [Thread-1 (]: Sending event: {'category': 'dbt', 'action': 'run_model', 'label': 'b554b8b6-6642-43cd-aa9f-cf025e8a3076', 'context': [<snowplow_tracker.self_describing_json.SelfDescribingJson object at 0x000001DE31FB0860>]}
[0m11:47:15.914210 [info ] [Thread-1 (]: 1 of 1 OK created sql view model my_dbt_db.stg_customers ....................... [[32mSUCCESS 0[0m in 0.08s]
[0m11:47:15.915207 [debug] [Thread-1 (]: Finished running node model.dbt_quest.stg_customers
[0m11:47:15.916209 [debug] [MainThread]: Using mysql connection "master"
[0m11:47:15.916209 [debug] [MainThread]: On master: BEGIN
[0m11:47:15.916209 [debug] [MainThread]: Opening a new connection, currently in state closed
[0m11:47:15.922408 [debug] [MainThread]: SQL status: SUCCESS 0 in 0.0 seconds
[0m11:47:15.923409 [debug] [MainThread]: On master: COMMIT
[0m11:47:15.923409 [debug] [MainThread]: Using mysql connection "master"
[0m11:47:15.923918 [debug] [MainThread]: On master: COMMIT
[0m11:47:15.924920 [debug] [MainThread]: SQL status: SUCCESS 0 in 0.0 seconds
[0m11:47:15.924920 [debug] [MainThread]: On master: Close
[0m11:47:15.925922 [debug] [MainThread]: Connection 'master' was properly closed.
[0m11:47:15.925922 [debug] [MainThread]: Connection 'list_schemas' was properly closed.
[0m11:47:15.926922 [debug] [MainThread]: Connection 'list_None_my_dbt_db' was properly closed.
[0m11:47:15.926922 [debug] [MainThread]: Connection 'model.dbt_quest.stg_customers' was properly closed.
[0m11:47:15.926922 [info ] [MainThread]: 
[0m11:47:15.927920 [info ] [MainThread]: Finished running 1 view model in 0 hours 0 minutes and 0.18 seconds (0.18s).
[0m11:47:15.928923 [debug] [MainThread]: Command end result
[0m11:47:15.937438 [info ] [MainThread]: 
[0m11:47:15.938439 [info ] [MainThread]: [32mCompleted successfully[0m
[0m11:47:15.938439 [info ] [MainThread]: 
[0m11:47:15.938439 [info ] [MainThread]: Done. PASS=1 WARN=0 ERROR=0 SKIP=0 TOTAL=1
[0m11:47:15.939438 [debug] [MainThread]: Command `dbt run` succeeded at 11:47:15.939438 after 1.27 seconds
[0m11:47:15.939438 [debug] [MainThread]: Sending event: {'category': 'dbt', 'action': 'invocation', 'label': 'end', 'context': [<snowplow_tracker.self_describing_json.SelfDescribingJson object at 0x000001DE317A76B0>, <snowplow_tracker.self_describing_json.SelfDescribingJson object at 0x000001DE3154AA80>, <snowplow_tracker.self_describing_json.SelfDescribingJson object at 0x000001DE2FB7BDD0>]}
[0m11:47:15.940440 [debug] [MainThread]: Flushing usage events
[0m12:09:27.023441 [debug] [MainThread]: Sending event: {'category': 'dbt', 'action': 'invocation', 'label': 'start', 'context': [<snowplow_tracker.self_describing_json.SelfDescribingJson object at 0x0000025485ECCB00>, <snowplow_tracker.self_describing_json.SelfDescribingJson object at 0x0000025485CEB3B0>, <snowplow_tracker.self_describing_json.SelfDescribingJson object at 0x0000025485ECC740>]}


============================== 12:09:27.028962 | ecd3bdbf-0956-46f7-b43e-f1717b20e3d7 ==============================
[0m12:09:27.028962 [info ] [MainThread]: Running with dbt=1.7.9
[0m12:09:27.029963 [debug] [MainThread]: running dbt with arguments {'printer_width': '80', 'indirect_selection': 'eager', 'log_cache_events': 'False', 'write_json': 'True', 'partial_parse': 'True', 'cache_selected_only': 'False', 'warn_error': 'None', 'fail_fast': 'False', 'profiles_dir': 'C:\\Users\\anton\\.dbt', 'log_path': 'C:\\Users\\anton\\my-dbt-env\\dbt_quest\\logs', 'debug': 'False', 'version_check': 'True', 'use_colors': 'True', 'use_experimental_parser': 'False', 'no_print': 'None', 'quiet': 'False', 'log_format': 'default', 'static_parser': 'True', 'warn_error_options': 'WarnErrorOptions(include=[], exclude=[])', 'introspect': 'True', 'target_path': 'None', 'invocation_command': 'dbt run', 'send_anonymous_usage_stats': 'True'}
[0m12:09:27.181479 [debug] [MainThread]: Sending event: {'category': 'dbt', 'action': 'project_id', 'label': 'ecd3bdbf-0956-46f7-b43e-f1717b20e3d7', 'context': [<snowplow_tracker.self_describing_json.SelfDescribingJson object at 0x0000025487262B10>]}
[0m12:09:27.245959 [debug] [MainThread]: Sending event: {'category': 'dbt', 'action': 'adapter_info', 'label': 'ecd3bdbf-0956-46f7-b43e-f1717b20e3d7', 'context': [<snowplow_tracker.self_describing_json.SelfDescribingJson object at 0x0000025485DB74D0>]}
[0m12:09:27.246958 [info ] [MainThread]: Registered adapter: mysql=1.7.0
[0m12:09:27.253249 [debug] [MainThread]: checksum: 6ff0d83c3b46f350064523b4e08d9241403ad71d606ba49c4e670afba3668b39, vars: {}, profile: , target: , version: 1.7.9
[0m12:09:27.298014 [debug] [MainThread]: Partial parsing enabled: 0 files deleted, 2 files added, 1 files changed.
[0m12:09:27.298014 [debug] [MainThread]: Partial parsing: added file: dbt_quest://models\staging\stg_orders.sql
[0m12:09:27.299015 [debug] [MainThread]: Partial parsing: added file: dbt_quest://models\staging\stg_orders.yml
[0m12:09:27.299015 [debug] [MainThread]: Partial parsing: updated file: dbt_quest://models\staging\sources.yml
[0m12:09:27.514212 [debug] [MainThread]: Sending event: {'category': 'dbt', 'action': 'load_project', 'label': 'ecd3bdbf-0956-46f7-b43e-f1717b20e3d7', 'context': [<snowplow_tracker.self_describing_json.SelfDescribingJson object at 0x000002548750EAE0>]}
[0m12:09:27.521558 [debug] [MainThread]: Sending event: {'category': 'dbt', 'action': 'resource_counts', 'label': 'ecd3bdbf-0956-46f7-b43e-f1717b20e3d7', 'context': [<snowplow_tracker.self_describing_json.SelfDescribingJson object at 0x00000254873A5460>]}
[0m12:09:27.522559 [info ] [MainThread]: Found 2 models, 2 sources, 0 exposures, 0 metrics, 375 macros, 0 groups, 0 semantic models
[0m12:09:27.522559 [debug] [MainThread]: Sending event: {'category': 'dbt', 'action': 'runnable_timing', 'label': 'ecd3bdbf-0956-46f7-b43e-f1717b20e3d7', 'context': [<snowplow_tracker.self_describing_json.SelfDescribingJson object at 0x00000254875DBEC0>]}
[0m12:09:27.524556 [info ] [MainThread]: 
[0m12:09:27.524556 [debug] [MainThread]: Acquiring new mysql connection 'master'
[0m12:09:27.526561 [debug] [ThreadPool]: Acquiring new mysql connection 'list_schemas'
[0m12:09:27.537562 [debug] [ThreadPool]: Using mysql connection "list_schemas"
[0m12:09:27.537562 [debug] [ThreadPool]: On list_schemas: /* {"app": "dbt", "dbt_version": "1.7.9", "profile_name": "dbt_quest", "target_name": "dev", "connection_name": "list_schemas"} */
select distinct schema_name
        from information_schema.schemata
[0m12:09:27.538562 [debug] [ThreadPool]: Opening a new connection, currently in state init
[0m12:09:27.559025 [debug] [ThreadPool]: SQL status: SUCCESS 9 in 0.0 seconds
[0m12:09:27.561131 [debug] [ThreadPool]: On list_schemas: Close
[0m12:09:27.562130 [debug] [ThreadPool]: Acquiring new mysql connection 'list_None_my_dbt_db'
[0m12:09:27.570266 [debug] [ThreadPool]: Using mysql connection "list_None_my_dbt_db"
[0m12:09:27.570266 [debug] [ThreadPool]: On list_None_my_dbt_db: BEGIN
[0m12:09:27.570266 [debug] [ThreadPool]: Opening a new connection, currently in state init
[0m12:09:27.577458 [debug] [ThreadPool]: SQL status: SUCCESS 0 in 0.0 seconds
[0m12:09:27.577458 [debug] [ThreadPool]: Using mysql connection "list_None_my_dbt_db"
[0m12:09:27.578946 [debug] [ThreadPool]: On list_None_my_dbt_db: /* {"app": "dbt", "dbt_version": "1.7.9", "profile_name": "dbt_quest", "target_name": "dev", "connection_name": "list_None_my_dbt_db"} */
select
      null as "database",
      table_name as name,
      table_schema as "schema",
      case when table_type = 'BASE TABLE' then 'table'
           when table_type = 'VIEW' then 'view'
           else table_type
      end as table_type
    from information_schema.tables
    where table_schema = 'my_dbt_db'
  
[0m12:09:27.579960 [debug] [ThreadPool]: SQL status: SUCCESS 7 in 0.0 seconds
[0m12:09:27.580971 [debug] [ThreadPool]: On list_None_my_dbt_db: ROLLBACK
[0m12:09:27.584542 [debug] [ThreadPool]: On list_None_my_dbt_db: Close
[0m12:09:27.586555 [debug] [MainThread]: Sending event: {'category': 'dbt', 'action': 'runnable_timing', 'label': 'ecd3bdbf-0956-46f7-b43e-f1717b20e3d7', 'context': [<snowplow_tracker.self_describing_json.SelfDescribingJson object at 0x00000254875FDF70>]}
[0m12:09:27.586555 [debug] [MainThread]: Using mysql connection "master"
[0m12:09:27.587555 [debug] [MainThread]: On master: BEGIN
[0m12:09:27.587555 [debug] [MainThread]: Opening a new connection, currently in state init
[0m12:09:27.594160 [debug] [MainThread]: SQL status: SUCCESS 0 in 0.0 seconds
[0m12:09:27.594160 [debug] [MainThread]: On master: COMMIT
[0m12:09:27.594160 [debug] [MainThread]: Using mysql connection "master"
[0m12:09:27.594160 [debug] [MainThread]: On master: COMMIT
[0m12:09:27.595160 [debug] [MainThread]: SQL status: SUCCESS 0 in 0.0 seconds
[0m12:09:27.595160 [debug] [MainThread]: On master: Close
[0m12:09:27.596158 [info ] [MainThread]: Concurrency: 1 threads (target='dev')
[0m12:09:27.596158 [info ] [MainThread]: 
[0m12:09:27.600647 [debug] [Thread-1 (]: Began running node model.dbt_quest.stg_customers
[0m12:09:27.600647 [info ] [Thread-1 (]: 1 of 2 START sql view model my_dbt_db.stg_customers ............................ [RUN]
[0m12:09:27.602878 [debug] [Thread-1 (]: Acquiring new mysql connection 'model.dbt_quest.stg_customers'
[0m12:09:27.602878 [debug] [Thread-1 (]: Began compiling node model.dbt_quest.stg_customers
[0m12:09:27.608880 [debug] [Thread-1 (]: Writing injected SQL for node "model.dbt_quest.stg_customers"
[0m12:09:27.608880 [debug] [Thread-1 (]: Timing info for model.dbt_quest.stg_customers (compile): 12:09:27.602878 => 12:09:27.608880
[0m12:09:27.608880 [debug] [Thread-1 (]: Began executing node model.dbt_quest.stg_customers
[0m12:09:27.637196 [debug] [Thread-1 (]: Writing runtime sql for node "model.dbt_quest.stg_customers"
[0m12:09:27.638191 [debug] [Thread-1 (]: Using mysql connection "model.dbt_quest.stg_customers"
[0m12:09:27.638191 [debug] [Thread-1 (]: On model.dbt_quest.stg_customers: BEGIN
[0m12:09:27.639278 [debug] [Thread-1 (]: Opening a new connection, currently in state init
[0m12:09:27.644302 [debug] [Thread-1 (]: SQL status: SUCCESS 0 in 0.0 seconds
[0m12:09:27.644302 [debug] [Thread-1 (]: Using mysql connection "model.dbt_quest.stg_customers"
[0m12:09:27.645302 [debug] [Thread-1 (]: On model.dbt_quest.stg_customers: /* {"app": "dbt", "dbt_version": "1.7.9", "profile_name": "dbt_quest", "target_name": "dev", "node_id": "model.dbt_quest.stg_customers"} */

  create view `my_dbt_db`.`stg_customers__dbt_tmp`
    
    
  as (
    with source as (
    select * from `my_dbt_db`.`raw_customers`
),
renamed as (
    select
        id as customer_id,
        name as customer_name
    from source
)
select * from renamed
  );
[0m12:09:27.658877 [debug] [Thread-1 (]: SQL status: SUCCESS 0 in 0.0 seconds
[0m12:09:27.662884 [debug] [Thread-1 (]: Using mysql connection "model.dbt_quest.stg_customers"
[0m12:09:27.663885 [debug] [Thread-1 (]: On model.dbt_quest.stg_customers: /* {"app": "dbt", "dbt_version": "1.7.9", "profile_name": "dbt_quest", "target_name": "dev", "node_id": "model.dbt_quest.stg_customers"} */

    drop view if exists `my_dbt_db`.`stg_customers__dbt_backup` cascade
  
[0m12:09:27.668437 [debug] [Thread-1 (]: SQL status: SUCCESS 0 in 0.0 seconds
[0m12:09:27.669443 [debug] [Thread-1 (]: Using mysql connection "model.dbt_quest.stg_customers"
[0m12:09:27.669443 [debug] [Thread-1 (]: On model.dbt_quest.stg_customers: /* {"app": "dbt", "dbt_version": "1.7.9", "profile_name": "dbt_quest", "target_name": "dev", "node_id": "model.dbt_quest.stg_customers"} */

    rename table `my_dbt_db`.`stg_customers` to `my_dbt_db`.`stg_customers__dbt_backup`
  
[0m12:09:27.671827 [debug] [Thread-1 (]: SQL status: SUCCESS 0 in 0.0 seconds
[0m12:09:27.674824 [debug] [Thread-1 (]: Using mysql connection "model.dbt_quest.stg_customers"
[0m12:09:27.674824 [debug] [Thread-1 (]: On model.dbt_quest.stg_customers: /* {"app": "dbt", "dbt_version": "1.7.9", "profile_name": "dbt_quest", "target_name": "dev", "node_id": "model.dbt_quest.stg_customers"} */

    drop view if exists `my_dbt_db`.`stg_customers` cascade
  
[0m12:09:27.676215 [debug] [Thread-1 (]: SQL status: SUCCESS 0 in 0.0 seconds
[0m12:09:27.677227 [debug] [Thread-1 (]: Using mysql connection "model.dbt_quest.stg_customers"
[0m12:09:27.677227 [debug] [Thread-1 (]: On model.dbt_quest.stg_customers: /* {"app": "dbt", "dbt_version": "1.7.9", "profile_name": "dbt_quest", "target_name": "dev", "node_id": "model.dbt_quest.stg_customers"} */

    rename table `my_dbt_db`.`stg_customers__dbt_tmp` to `my_dbt_db`.`stg_customers`
  
[0m12:09:27.678433 [debug] [Thread-1 (]: SQL status: SUCCESS 0 in 0.0 seconds
[0m12:09:27.691263 [debug] [Thread-1 (]: On model.dbt_quest.stg_customers: COMMIT
[0m12:09:27.691263 [debug] [Thread-1 (]: Using mysql connection "model.dbt_quest.stg_customers"
[0m12:09:27.691263 [debug] [Thread-1 (]: On model.dbt_quest.stg_customers: COMMIT
[0m12:09:27.692261 [debug] [Thread-1 (]: SQL status: SUCCESS 0 in 0.0 seconds
[0m12:09:27.696283 [debug] [Thread-1 (]: Using mysql connection "model.dbt_quest.stg_customers"
[0m12:09:27.696283 [debug] [Thread-1 (]: On model.dbt_quest.stg_customers: /* {"app": "dbt", "dbt_version": "1.7.9", "profile_name": "dbt_quest", "target_name": "dev", "node_id": "model.dbt_quest.stg_customers"} */
drop view if exists `my_dbt_db`.`stg_customers__dbt_backup`
[0m12:09:27.698759 [debug] [Thread-1 (]: SQL status: SUCCESS 0 in 0.0 seconds
[0m12:09:27.700709 [debug] [Thread-1 (]: Timing info for model.dbt_quest.stg_customers (execute): 12:09:27.608880 => 12:09:27.700709
[0m12:09:27.700709 [debug] [Thread-1 (]: On model.dbt_quest.stg_customers: Close
[0m12:09:27.701715 [debug] [Thread-1 (]: Sending event: {'category': 'dbt', 'action': 'run_model', 'label': 'ecd3bdbf-0956-46f7-b43e-f1717b20e3d7', 'context': [<snowplow_tracker.self_describing_json.SelfDescribingJson object at 0x000002548775B050>]}
[0m12:09:27.701715 [info ] [Thread-1 (]: 1 of 2 OK created sql view model my_dbt_db.stg_customers ....................... [[32mSUCCESS 0[0m in 0.10s]
[0m12:09:27.702715 [debug] [Thread-1 (]: Finished running node model.dbt_quest.stg_customers
[0m12:09:27.702715 [debug] [Thread-1 (]: Began running node model.dbt_quest.stg_orders
[0m12:09:27.703723 [info ] [Thread-1 (]: 2 of 2 START sql view model my_dbt_db.stg_orders ............................... [RUN]
[0m12:09:27.703723 [debug] [Thread-1 (]: Re-using an available connection from the pool (formerly model.dbt_quest.stg_customers, now model.dbt_quest.stg_orders)
[0m12:09:27.704714 [debug] [Thread-1 (]: Began compiling node model.dbt_quest.stg_orders
[0m12:09:27.706237 [debug] [Thread-1 (]: Writing injected SQL for node "model.dbt_quest.stg_orders"
[0m12:09:27.707020 [debug] [Thread-1 (]: Timing info for model.dbt_quest.stg_orders (compile): 12:09:27.704714 => 12:09:27.707020
[0m12:09:27.707526 [debug] [Thread-1 (]: Began executing node model.dbt_quest.stg_orders
[0m12:09:27.709762 [debug] [Thread-1 (]: Writing runtime sql for node "model.dbt_quest.stg_orders"
[0m12:09:27.710286 [debug] [Thread-1 (]: Using mysql connection "model.dbt_quest.stg_orders"
[0m12:09:27.710813 [debug] [Thread-1 (]: On model.dbt_quest.stg_orders: BEGIN
[0m12:09:27.710813 [debug] [Thread-1 (]: Opening a new connection, currently in state closed
[0m12:09:27.717923 [debug] [Thread-1 (]: SQL status: SUCCESS 0 in 0.0 seconds
[0m12:09:27.718928 [debug] [Thread-1 (]: Using mysql connection "model.dbt_quest.stg_orders"
[0m12:09:27.719253 [debug] [Thread-1 (]: On model.dbt_quest.stg_orders: /* {"app": "dbt", "dbt_version": "1.7.9", "profile_name": "dbt_quest", "target_name": "dev", "node_id": "model.dbt_quest.stg_orders"} */

  create view `my_dbt_db`.`stg_orders__dbt_tmp`
    
    
  as (
    with source as (
    select * from `my_dbt_db`.`raw_orders`
),
renamed as (
    select
        id as order_id,
        customer as customer_id
        order_at as order_location
        store_id as store_id
    from source
)
select * from renamed
  );
[0m12:09:27.720763 [debug] [Thread-1 (]: mysql adapter: MySQL error: 1064 (42000): You have an error in your SQL syntax; check the manual that corresponds to your MySQL server version for the right syntax to use near 'order_at as order_location
        store_id as store_id
    from source
)
select' at line 14
[0m12:09:27.720763 [debug] [Thread-1 (]: On model.dbt_quest.stg_orders: ROLLBACK
[0m12:09:27.721764 [debug] [Thread-1 (]: Timing info for model.dbt_quest.stg_orders (execute): 12:09:27.707526 => 12:09:27.720763
[0m12:09:27.721764 [debug] [Thread-1 (]: On model.dbt_quest.stg_orders: Close
[0m12:09:27.729004 [debug] [Thread-1 (]: Database Error in model stg_orders (models\staging\stg_orders.sql)
  1064 (42000): You have an error in your SQL syntax; check the manual that corresponds to your MySQL server version for the right syntax to use near 'order_at as order_location
          store_id as store_id
      from source
  )
  select' at line 14
  compiled Code at target\run\dbt_quest\models\staging\stg_orders.sql
[0m12:09:27.729004 [debug] [Thread-1 (]: Sending event: {'category': 'dbt', 'action': 'run_model', 'label': 'ecd3bdbf-0956-46f7-b43e-f1717b20e3d7', 'context': [<snowplow_tracker.self_describing_json.SelfDescribingJson object at 0x000002548772B5C0>]}
[0m12:09:27.730005 [error] [Thread-1 (]: 2 of 2 ERROR creating sql view model my_dbt_db.stg_orders ...................... [[31mERROR[0m in 0.03s]
[0m12:09:27.731003 [debug] [Thread-1 (]: Finished running node model.dbt_quest.stg_orders
[0m12:09:27.732004 [debug] [MainThread]: Using mysql connection "master"
[0m12:09:27.733002 [debug] [MainThread]: On master: BEGIN
[0m12:09:27.733002 [debug] [MainThread]: Opening a new connection, currently in state closed
[0m12:09:27.738004 [debug] [MainThread]: SQL status: SUCCESS 0 in 0.0 seconds
[0m12:09:27.738004 [debug] [MainThread]: On master: COMMIT
[0m12:09:27.738004 [debug] [MainThread]: Using mysql connection "master"
[0m12:09:27.739008 [debug] [MainThread]: On master: COMMIT
[0m12:09:27.739008 [debug] [MainThread]: SQL status: SUCCESS 0 in 0.0 seconds
[0m12:09:27.739008 [debug] [MainThread]: On master: Close
[0m12:09:27.740003 [debug] [MainThread]: Connection 'master' was properly closed.
[0m12:09:27.740003 [debug] [MainThread]: Connection 'list_schemas' was properly closed.
[0m12:09:27.740003 [debug] [MainThread]: Connection 'list_None_my_dbt_db' was properly closed.
[0m12:09:27.740003 [debug] [MainThread]: Connection 'model.dbt_quest.stg_orders' was properly closed.
[0m12:09:27.740003 [info ] [MainThread]: 
[0m12:09:27.741004 [info ] [MainThread]: Finished running 2 view models in 0 hours 0 minutes and 0.22 seconds (0.22s).
[0m12:09:27.742004 [debug] [MainThread]: Command end result
[0m12:09:27.747004 [info ] [MainThread]: 
[0m12:09:27.748002 [info ] [MainThread]: [31mCompleted with 1 error and 0 warnings:[0m
[0m12:09:27.748002 [info ] [MainThread]: 
[0m12:09:27.749003 [error] [MainThread]:   Database Error in model stg_orders (models\staging\stg_orders.sql)
  1064 (42000): You have an error in your SQL syntax; check the manual that corresponds to your MySQL server version for the right syntax to use near 'order_at as order_location
          store_id as store_id
      from source
  )
  select' at line 14
  compiled Code at target\run\dbt_quest\models\staging\stg_orders.sql
[0m12:09:27.749003 [info ] [MainThread]: 
[0m12:09:27.750004 [info ] [MainThread]: Done. PASS=1 WARN=0 ERROR=1 SKIP=0 TOTAL=2
[0m12:09:27.751003 [debug] [MainThread]: Command `dbt run` failed at 12:09:27.751003 after 0.83 seconds
[0m12:09:27.751003 [debug] [MainThread]: Sending event: {'category': 'dbt', 'action': 'invocation', 'label': 'end', 'context': [<snowplow_tracker.self_describing_json.SelfDescribingJson object at 0x0000025485D92A80>, <snowplow_tracker.self_describing_json.SelfDescribingJson object at 0x000002548518B500>, <snowplow_tracker.self_describing_json.SelfDescribingJson object at 0x0000025485DCBBF0>]}
[0m12:09:27.751003 [debug] [MainThread]: Flushing usage events
[0m12:10:22.808955 [debug] [MainThread]: Sending event: {'category': 'dbt', 'action': 'invocation', 'label': 'start', 'context': [<snowplow_tracker.self_describing_json.SelfDescribingJson object at 0x0000023825CBCA70>, <snowplow_tracker.self_describing_json.SelfDescribingJson object at 0x0000023825CBC860>, <snowplow_tracker.self_describing_json.SelfDescribingJson object at 0x0000023825CBC800>]}


============================== 12:10:22.816972 | c5669e7a-3ad2-4e76-868f-ad72dcec378a ==============================
[0m12:10:22.816972 [info ] [MainThread]: Running with dbt=1.7.9
[0m12:10:22.816972 [debug] [MainThread]: running dbt with arguments {'printer_width': '80', 'indirect_selection': 'eager', 'log_cache_events': 'False', 'write_json': 'True', 'partial_parse': 'True', 'cache_selected_only': 'False', 'warn_error': 'None', 'fail_fast': 'False', 'profiles_dir': 'C:\\Users\\anton\\.dbt', 'log_path': 'C:\\Users\\anton\\my-dbt-env\\dbt_quest\\logs', 'version_check': 'True', 'debug': 'False', 'use_colors': 'True', 'use_experimental_parser': 'False', 'no_print': 'None', 'quiet': 'False', 'log_format': 'default', 'static_parser': 'True', 'invocation_command': 'dbt run', 'warn_error_options': 'WarnErrorOptions(include=[], exclude=[])', 'target_path': 'None', 'introspect': 'True', 'send_anonymous_usage_stats': 'True'}
[0m12:10:22.976381 [debug] [MainThread]: Sending event: {'category': 'dbt', 'action': 'project_id', 'label': 'c5669e7a-3ad2-4e76-868f-ad72dcec378a', 'context': [<snowplow_tracker.self_describing_json.SelfDescribingJson object at 0x0000023825E191F0>]}
[0m12:10:23.050197 [debug] [MainThread]: Sending event: {'category': 'dbt', 'action': 'adapter_info', 'label': 'c5669e7a-3ad2-4e76-868f-ad72dcec378a', 'context': [<snowplow_tracker.self_describing_json.SelfDescribingJson object at 0x0000023825E7C890>]}
[0m12:10:23.050197 [info ] [MainThread]: Registered adapter: mysql=1.7.0
[0m12:10:23.056197 [debug] [MainThread]: checksum: 6ff0d83c3b46f350064523b4e08d9241403ad71d606ba49c4e670afba3668b39, vars: {}, profile: , target: , version: 1.7.9
[0m12:10:23.098618 [debug] [MainThread]: Partial parsing enabled: 0 files deleted, 0 files added, 1 files changed.
[0m12:10:23.098618 [debug] [MainThread]: Partial parsing: updated file: dbt_quest://models\staging\stg_orders.sql
[0m12:10:23.245855 [debug] [MainThread]: Sending event: {'category': 'dbt', 'action': 'load_project', 'label': 'c5669e7a-3ad2-4e76-868f-ad72dcec378a', 'context': [<snowplow_tracker.self_describing_json.SelfDescribingJson object at 0x0000023825F33920>]}
[0m12:10:23.253216 [debug] [MainThread]: Sending event: {'category': 'dbt', 'action': 'resource_counts', 'label': 'c5669e7a-3ad2-4e76-868f-ad72dcec378a', 'context': [<snowplow_tracker.self_describing_json.SelfDescribingJson object at 0x00000238260A1400>]}
[0m12:10:23.253216 [info ] [MainThread]: Found 2 models, 2 sources, 0 exposures, 0 metrics, 375 macros, 0 groups, 0 semantic models
[0m12:10:23.254230 [debug] [MainThread]: Sending event: {'category': 'dbt', 'action': 'runnable_timing', 'label': 'c5669e7a-3ad2-4e76-868f-ad72dcec378a', 'context': [<snowplow_tracker.self_describing_json.SelfDescribingJson object at 0x0000023826214B60>]}
[0m12:10:23.256224 [info ] [MainThread]: 
[0m12:10:23.256224 [debug] [MainThread]: Acquiring new mysql connection 'master'
[0m12:10:23.257225 [debug] [ThreadPool]: Acquiring new mysql connection 'list_schemas'
[0m12:10:23.267237 [debug] [ThreadPool]: Using mysql connection "list_schemas"
[0m12:10:23.268226 [debug] [ThreadPool]: On list_schemas: /* {"app": "dbt", "dbt_version": "1.7.9", "profile_name": "dbt_quest", "target_name": "dev", "connection_name": "list_schemas"} */
select distinct schema_name
        from information_schema.schemata
[0m12:10:23.268226 [debug] [ThreadPool]: Opening a new connection, currently in state init
[0m12:10:23.289012 [debug] [ThreadPool]: SQL status: SUCCESS 9 in 0.0 seconds
[0m12:10:23.290019 [debug] [ThreadPool]: On list_schemas: Close
[0m12:10:23.292194 [debug] [ThreadPool]: Acquiring new mysql connection 'list_None_my_dbt_db'
[0m12:10:23.300204 [debug] [ThreadPool]: Using mysql connection "list_None_my_dbt_db"
[0m12:10:23.300204 [debug] [ThreadPool]: On list_None_my_dbt_db: BEGIN
[0m12:10:23.301207 [debug] [ThreadPool]: Opening a new connection, currently in state init
[0m12:10:23.305866 [debug] [ThreadPool]: SQL status: SUCCESS 0 in 0.0 seconds
[0m12:10:23.306875 [debug] [ThreadPool]: Using mysql connection "list_None_my_dbt_db"
[0m12:10:23.306875 [debug] [ThreadPool]: On list_None_my_dbt_db: /* {"app": "dbt", "dbt_version": "1.7.9", "profile_name": "dbt_quest", "target_name": "dev", "connection_name": "list_None_my_dbt_db"} */
select
      null as "database",
      table_name as name,
      table_schema as "schema",
      case when table_type = 'BASE TABLE' then 'table'
           when table_type = 'VIEW' then 'view'
           else table_type
      end as table_type
    from information_schema.tables
    where table_schema = 'my_dbt_db'
  
[0m12:10:23.307876 [debug] [ThreadPool]: SQL status: SUCCESS 7 in 0.0 seconds
[0m12:10:23.308875 [debug] [ThreadPool]: On list_None_my_dbt_db: ROLLBACK
[0m12:10:23.309874 [debug] [ThreadPool]: On list_None_my_dbt_db: Close
[0m12:10:23.314106 [debug] [MainThread]: Sending event: {'category': 'dbt', 'action': 'runnable_timing', 'label': 'c5669e7a-3ad2-4e76-868f-ad72dcec378a', 'context': [<snowplow_tracker.self_describing_json.SelfDescribingJson object at 0x0000023825EAF5C0>]}
[0m12:10:23.314106 [debug] [MainThread]: Using mysql connection "master"
[0m12:10:23.314106 [debug] [MainThread]: On master: BEGIN
[0m12:10:23.314106 [debug] [MainThread]: Opening a new connection, currently in state init
[0m12:10:23.320105 [debug] [MainThread]: SQL status: SUCCESS 0 in 0.0 seconds
[0m12:10:23.320105 [debug] [MainThread]: On master: COMMIT
[0m12:10:23.320105 [debug] [MainThread]: Using mysql connection "master"
[0m12:10:23.320105 [debug] [MainThread]: On master: COMMIT
[0m12:10:23.321105 [debug] [MainThread]: SQL status: SUCCESS 0 in 0.0 seconds
[0m12:10:23.321105 [debug] [MainThread]: On master: Close
[0m12:10:23.321105 [info ] [MainThread]: Concurrency: 1 threads (target='dev')
[0m12:10:23.322111 [info ] [MainThread]: 
[0m12:10:23.325105 [debug] [Thread-1 (]: Began running node model.dbt_quest.stg_customers
[0m12:10:23.326106 [info ] [Thread-1 (]: 1 of 2 START sql view model my_dbt_db.stg_customers ............................ [RUN]
[0m12:10:23.326106 [debug] [Thread-1 (]: Acquiring new mysql connection 'model.dbt_quest.stg_customers'
[0m12:10:23.327115 [debug] [Thread-1 (]: Began compiling node model.dbt_quest.stg_customers
[0m12:10:23.334105 [debug] [Thread-1 (]: Writing injected SQL for node "model.dbt_quest.stg_customers"
[0m12:10:23.335103 [debug] [Thread-1 (]: Timing info for model.dbt_quest.stg_customers (compile): 12:10:23.327115 => 12:10:23.335103
[0m12:10:23.335103 [debug] [Thread-1 (]: Began executing node model.dbt_quest.stg_customers
[0m12:10:23.365108 [debug] [Thread-1 (]: Writing runtime sql for node "model.dbt_quest.stg_customers"
[0m12:10:23.367108 [debug] [Thread-1 (]: Using mysql connection "model.dbt_quest.stg_customers"
[0m12:10:23.367108 [debug] [Thread-1 (]: On model.dbt_quest.stg_customers: BEGIN
[0m12:10:23.367108 [debug] [Thread-1 (]: Opening a new connection, currently in state init
[0m12:10:23.373109 [debug] [Thread-1 (]: SQL status: SUCCESS 0 in 0.0 seconds
[0m12:10:23.374403 [debug] [Thread-1 (]: Using mysql connection "model.dbt_quest.stg_customers"
[0m12:10:23.374403 [debug] [Thread-1 (]: On model.dbt_quest.stg_customers: /* {"app": "dbt", "dbt_version": "1.7.9", "profile_name": "dbt_quest", "target_name": "dev", "node_id": "model.dbt_quest.stg_customers"} */

  create view `my_dbt_db`.`stg_customers__dbt_tmp`
    
    
  as (
    with source as (
    select * from `my_dbt_db`.`raw_customers`
),
renamed as (
    select
        id as customer_id,
        name as customer_name
    from source
)
select * from renamed
  );
[0m12:10:23.382698 [debug] [Thread-1 (]: SQL status: SUCCESS 0 in 0.0 seconds
[0m12:10:23.386700 [debug] [Thread-1 (]: Using mysql connection "model.dbt_quest.stg_customers"
[0m12:10:23.386700 [debug] [Thread-1 (]: On model.dbt_quest.stg_customers: /* {"app": "dbt", "dbt_version": "1.7.9", "profile_name": "dbt_quest", "target_name": "dev", "node_id": "model.dbt_quest.stg_customers"} */

    drop view if exists `my_dbt_db`.`stg_customers__dbt_backup` cascade
  
[0m12:10:23.387695 [debug] [Thread-1 (]: SQL status: SUCCESS 0 in 0.0 seconds
[0m12:10:23.389110 [debug] [Thread-1 (]: Using mysql connection "model.dbt_quest.stg_customers"
[0m12:10:23.389110 [debug] [Thread-1 (]: On model.dbt_quest.stg_customers: /* {"app": "dbt", "dbt_version": "1.7.9", "profile_name": "dbt_quest", "target_name": "dev", "node_id": "model.dbt_quest.stg_customers"} */

    rename table `my_dbt_db`.`stg_customers` to `my_dbt_db`.`stg_customers__dbt_backup`
  
[0m12:10:23.391132 [debug] [Thread-1 (]: SQL status: SUCCESS 0 in 0.0 seconds
[0m12:10:23.393126 [debug] [Thread-1 (]: Using mysql connection "model.dbt_quest.stg_customers"
[0m12:10:23.393126 [debug] [Thread-1 (]: On model.dbt_quest.stg_customers: /* {"app": "dbt", "dbt_version": "1.7.9", "profile_name": "dbt_quest", "target_name": "dev", "node_id": "model.dbt_quest.stg_customers"} */

    drop view if exists `my_dbt_db`.`stg_customers` cascade
  
[0m12:10:23.394124 [debug] [Thread-1 (]: SQL status: SUCCESS 0 in 0.0 seconds
[0m12:10:23.395126 [debug] [Thread-1 (]: Using mysql connection "model.dbt_quest.stg_customers"
[0m12:10:23.396133 [debug] [Thread-1 (]: On model.dbt_quest.stg_customers: /* {"app": "dbt", "dbt_version": "1.7.9", "profile_name": "dbt_quest", "target_name": "dev", "node_id": "model.dbt_quest.stg_customers"} */

    rename table `my_dbt_db`.`stg_customers__dbt_tmp` to `my_dbt_db`.`stg_customers`
  
[0m12:10:23.397126 [debug] [Thread-1 (]: SQL status: SUCCESS 0 in 0.0 seconds
[0m12:10:23.409036 [debug] [Thread-1 (]: On model.dbt_quest.stg_customers: COMMIT
[0m12:10:23.409036 [debug] [Thread-1 (]: Using mysql connection "model.dbt_quest.stg_customers"
[0m12:10:23.409036 [debug] [Thread-1 (]: On model.dbt_quest.stg_customers: COMMIT
[0m12:10:23.410030 [debug] [Thread-1 (]: SQL status: SUCCESS 0 in 0.0 seconds
[0m12:10:23.413031 [debug] [Thread-1 (]: Using mysql connection "model.dbt_quest.stg_customers"
[0m12:10:23.414032 [debug] [Thread-1 (]: On model.dbt_quest.stg_customers: /* {"app": "dbt", "dbt_version": "1.7.9", "profile_name": "dbt_quest", "target_name": "dev", "node_id": "model.dbt_quest.stg_customers"} */
drop view if exists `my_dbt_db`.`stg_customers__dbt_backup`
[0m12:10:23.416314 [debug] [Thread-1 (]: SQL status: SUCCESS 0 in 0.0 seconds
[0m12:10:23.417322 [debug] [Thread-1 (]: Timing info for model.dbt_quest.stg_customers (execute): 12:10:23.335103 => 12:10:23.417322
[0m12:10:23.417322 [debug] [Thread-1 (]: On model.dbt_quest.stg_customers: Close
[0m12:10:23.417322 [debug] [Thread-1 (]: Sending event: {'category': 'dbt', 'action': 'run_model', 'label': 'c5669e7a-3ad2-4e76-868f-ad72dcec378a', 'context': [<snowplow_tracker.self_describing_json.SelfDescribingJson object at 0x0000023825919910>]}
[0m12:10:23.418664 [info ] [Thread-1 (]: 1 of 2 OK created sql view model my_dbt_db.stg_customers ....................... [[32mSUCCESS 0[0m in 0.09s]
[0m12:10:23.419671 [debug] [Thread-1 (]: Finished running node model.dbt_quest.stg_customers
[0m12:10:23.419671 [debug] [Thread-1 (]: Began running node model.dbt_quest.stg_orders
[0m12:10:23.419671 [info ] [Thread-1 (]: 2 of 2 START sql view model my_dbt_db.stg_orders ............................... [RUN]
[0m12:10:23.420726 [debug] [Thread-1 (]: Re-using an available connection from the pool (formerly model.dbt_quest.stg_customers, now model.dbt_quest.stg_orders)
[0m12:10:23.420726 [debug] [Thread-1 (]: Began compiling node model.dbt_quest.stg_orders
[0m12:10:23.422732 [debug] [Thread-1 (]: Writing injected SQL for node "model.dbt_quest.stg_orders"
[0m12:10:23.422732 [debug] [Thread-1 (]: Timing info for model.dbt_quest.stg_orders (compile): 12:10:23.420726 => 12:10:23.422732
[0m12:10:23.423731 [debug] [Thread-1 (]: Began executing node model.dbt_quest.stg_orders
[0m12:10:23.425731 [debug] [Thread-1 (]: Writing runtime sql for node "model.dbt_quest.stg_orders"
[0m12:10:23.426731 [debug] [Thread-1 (]: Using mysql connection "model.dbt_quest.stg_orders"
[0m12:10:23.426731 [debug] [Thread-1 (]: On model.dbt_quest.stg_orders: BEGIN
[0m12:10:23.426731 [debug] [Thread-1 (]: Opening a new connection, currently in state closed
[0m12:10:23.432519 [debug] [Thread-1 (]: SQL status: SUCCESS 0 in 0.0 seconds
[0m12:10:23.432519 [debug] [Thread-1 (]: Using mysql connection "model.dbt_quest.stg_orders"
[0m12:10:23.433519 [debug] [Thread-1 (]: On model.dbt_quest.stg_orders: /* {"app": "dbt", "dbt_version": "1.7.9", "profile_name": "dbt_quest", "target_name": "dev", "node_id": "model.dbt_quest.stg_orders"} */

  create view `my_dbt_db`.`stg_orders__dbt_tmp`
    
    
  as (
    with source as (
    select * from `my_dbt_db`.`raw_orders`
),
renamed as (
    select
        id as order_id,
        customer as customer_id,
        order_at as order_location,
        store_id as store_id
    from source
)
select * from renamed
  );
[0m12:10:23.435517 [debug] [Thread-1 (]: mysql adapter: MySQL error: 1054 (42S22): Unknown column 'order_at' in 'field list'
[0m12:10:23.435517 [debug] [Thread-1 (]: On model.dbt_quest.stg_orders: ROLLBACK
[0m12:10:23.436516 [debug] [Thread-1 (]: Timing info for model.dbt_quest.stg_orders (execute): 12:10:23.423731 => 12:10:23.436516
[0m12:10:23.436516 [debug] [Thread-1 (]: On model.dbt_quest.stg_orders: Close
[0m12:10:23.440517 [debug] [Thread-1 (]: Database Error in model stg_orders (models\staging\stg_orders.sql)
  1054 (42S22): Unknown column 'order_at' in 'field list'
  compiled Code at target\run\dbt_quest\models\staging\stg_orders.sql
[0m12:10:23.441517 [debug] [Thread-1 (]: Sending event: {'category': 'dbt', 'action': 'run_model', 'label': 'c5669e7a-3ad2-4e76-868f-ad72dcec378a', 'context': [<snowplow_tracker.self_describing_json.SelfDescribingJson object at 0x000002382640FA10>]}
[0m12:10:23.441517 [error] [Thread-1 (]: 2 of 2 ERROR creating sql view model my_dbt_db.stg_orders ...................... [[31mERROR[0m in 0.02s]
[0m12:10:23.442517 [debug] [Thread-1 (]: Finished running node model.dbt_quest.stg_orders
[0m12:10:23.446517 [debug] [MainThread]: Using mysql connection "master"
[0m12:10:23.446517 [debug] [MainThread]: On master: BEGIN
[0m12:10:23.446517 [debug] [MainThread]: Opening a new connection, currently in state closed
[0m12:10:23.452520 [debug] [MainThread]: SQL status: SUCCESS 0 in 0.0 seconds
[0m12:10:23.452520 [debug] [MainThread]: On master: COMMIT
[0m12:10:23.452520 [debug] [MainThread]: Using mysql connection "master"
[0m12:10:23.453520 [debug] [MainThread]: On master: COMMIT
[0m12:10:23.454520 [debug] [MainThread]: SQL status: SUCCESS 0 in 0.0 seconds
[0m12:10:23.454520 [debug] [MainThread]: On master: Close
[0m12:10:23.455519 [debug] [MainThread]: Connection 'master' was properly closed.
[0m12:10:23.455519 [debug] [MainThread]: Connection 'list_schemas' was properly closed.
[0m12:10:23.455519 [debug] [MainThread]: Connection 'list_None_my_dbt_db' was properly closed.
[0m12:10:23.455519 [debug] [MainThread]: Connection 'model.dbt_quest.stg_orders' was properly closed.
[0m12:10:23.455519 [info ] [MainThread]: 
[0m12:10:23.456798 [info ] [MainThread]: Finished running 2 view models in 0 hours 0 minutes and 0.20 seconds (0.20s).
[0m12:10:23.458084 [debug] [MainThread]: Command end result
[0m12:10:23.466242 [info ] [MainThread]: 
[0m12:10:23.467248 [info ] [MainThread]: [31mCompleted with 1 error and 0 warnings:[0m
[0m12:10:23.468242 [info ] [MainThread]: 
[0m12:10:23.469299 [error] [MainThread]:   Database Error in model stg_orders (models\staging\stg_orders.sql)
  1054 (42S22): Unknown column 'order_at' in 'field list'
  compiled Code at target\run\dbt_quest\models\staging\stg_orders.sql
[0m12:10:23.470318 [info ] [MainThread]: 
[0m12:10:23.470318 [info ] [MainThread]: Done. PASS=1 WARN=0 ERROR=1 SKIP=0 TOTAL=2
[0m12:10:23.472592 [debug] [MainThread]: Command `dbt run` failed at 12:10:23.471577 after 0.75 seconds
[0m12:10:23.472592 [debug] [MainThread]: Sending event: {'category': 'dbt', 'action': 'invocation', 'label': 'end', 'context': [<snowplow_tracker.self_describing_json.SelfDescribingJson object at 0x00000238262A6750>, <snowplow_tracker.self_describing_json.SelfDescribingJson object at 0x0000023825BBBDA0>, <snowplow_tracker.self_describing_json.SelfDescribingJson object at 0x0000023825B3AA80>]}
[0m12:10:23.473590 [debug] [MainThread]: Flushing usage events
[0m12:11:07.051189 [debug] [MainThread]: Sending event: {'category': 'dbt', 'action': 'invocation', 'label': 'start', 'context': [<snowplow_tracker.self_describing_json.SelfDescribingJson object at 0x000001E81F6BC590>, <snowplow_tracker.self_describing_json.SelfDescribingJson object at 0x000001E81F6BC410>, <snowplow_tracker.self_describing_json.SelfDescribingJson object at 0x000001E81F6BC3B0>]}


============================== 12:11:07.054943 | e8fb628f-5efe-484b-8551-ee2bd64d8b90 ==============================
[0m12:11:07.054943 [info ] [MainThread]: Running with dbt=1.7.9
[0m12:11:07.055942 [debug] [MainThread]: running dbt with arguments {'printer_width': '80', 'indirect_selection': 'eager', 'write_json': 'True', 'log_cache_events': 'False', 'partial_parse': 'True', 'cache_selected_only': 'False', 'profiles_dir': 'C:\\Users\\anton\\.dbt', 'debug': 'False', 'version_check': 'True', 'log_path': 'C:\\Users\\anton\\my-dbt-env\\dbt_quest\\logs', 'warn_error': 'None', 'fail_fast': 'False', 'use_colors': 'True', 'use_experimental_parser': 'False', 'no_print': 'None', 'quiet': 'False', 'log_format': 'default', 'invocation_command': 'dbt run', 'introspect': 'True', 'warn_error_options': 'WarnErrorOptions(include=[], exclude=[])', 'target_path': 'None', 'static_parser': 'True', 'send_anonymous_usage_stats': 'True'}
[0m12:11:07.208055 [debug] [MainThread]: Sending event: {'category': 'dbt', 'action': 'project_id', 'label': 'e8fb628f-5efe-484b-8551-ee2bd64d8b90', 'context': [<snowplow_tracker.self_describing_json.SelfDescribingJson object at 0x000001E81F2531A0>]}
[0m12:11:07.270474 [debug] [MainThread]: Sending event: {'category': 'dbt', 'action': 'adapter_info', 'label': 'e8fb628f-5efe-484b-8551-ee2bd64d8b90', 'context': [<snowplow_tracker.self_describing_json.SelfDescribingJson object at 0x000001E81F933740>]}
[0m12:11:07.271538 [info ] [MainThread]: Registered adapter: mysql=1.7.0
[0m12:11:07.281540 [debug] [MainThread]: checksum: 6ff0d83c3b46f350064523b4e08d9241403ad71d606ba49c4e670afba3668b39, vars: {}, profile: , target: , version: 1.7.9
[0m12:11:07.323807 [debug] [MainThread]: Partial parsing enabled: 0 files deleted, 0 files added, 1 files changed.
[0m12:11:07.323807 [debug] [MainThread]: Partial parsing: updated file: dbt_quest://models\staging\stg_orders.sql
[0m12:11:07.494263 [debug] [MainThread]: Sending event: {'category': 'dbt', 'action': 'load_project', 'label': 'e8fb628f-5efe-484b-8551-ee2bd64d8b90', 'context': [<snowplow_tracker.self_describing_json.SelfDescribingJson object at 0x000001E81FBF7710>]}
[0m12:11:07.503260 [debug] [MainThread]: Sending event: {'category': 'dbt', 'action': 'resource_counts', 'label': 'e8fb628f-5efe-484b-8551-ee2bd64d8b90', 'context': [<snowplow_tracker.self_describing_json.SelfDescribingJson object at 0x000001E81FA99880>]}
[0m12:11:07.504262 [info ] [MainThread]: Found 2 models, 2 sources, 0 exposures, 0 metrics, 375 macros, 0 groups, 0 semantic models
[0m12:11:07.504262 [debug] [MainThread]: Sending event: {'category': 'dbt', 'action': 'runnable_timing', 'label': 'e8fb628f-5efe-484b-8551-ee2bd64d8b90', 'context': [<snowplow_tracker.self_describing_json.SelfDescribingJson object at 0x000001E81FD07380>]}
[0m12:11:07.505262 [info ] [MainThread]: 
[0m12:11:07.506505 [debug] [MainThread]: Acquiring new mysql connection 'master'
[0m12:11:07.507523 [debug] [ThreadPool]: Acquiring new mysql connection 'list_schemas'
[0m12:11:07.516513 [debug] [ThreadPool]: Using mysql connection "list_schemas"
[0m12:11:07.516513 [debug] [ThreadPool]: On list_schemas: /* {"app": "dbt", "dbt_version": "1.7.9", "profile_name": "dbt_quest", "target_name": "dev", "connection_name": "list_schemas"} */
select distinct schema_name
        from information_schema.schemata
[0m12:11:07.516513 [debug] [ThreadPool]: Opening a new connection, currently in state init
[0m12:11:07.532129 [debug] [ThreadPool]: SQL status: SUCCESS 9 in 0.0 seconds
[0m12:11:07.533145 [debug] [ThreadPool]: On list_schemas: Close
[0m12:11:07.534143 [debug] [ThreadPool]: Acquiring new mysql connection 'list_None_my_dbt_db'
[0m12:11:07.538137 [debug] [ThreadPool]: Using mysql connection "list_None_my_dbt_db"
[0m12:11:07.538137 [debug] [ThreadPool]: On list_None_my_dbt_db: BEGIN
[0m12:11:07.539136 [debug] [ThreadPool]: Opening a new connection, currently in state init
[0m12:11:07.545136 [debug] [ThreadPool]: SQL status: SUCCESS 0 in 0.0 seconds
[0m12:11:07.545136 [debug] [ThreadPool]: Using mysql connection "list_None_my_dbt_db"
[0m12:11:07.545136 [debug] [ThreadPool]: On list_None_my_dbt_db: /* {"app": "dbt", "dbt_version": "1.7.9", "profile_name": "dbt_quest", "target_name": "dev", "connection_name": "list_None_my_dbt_db"} */
select
      null as "database",
      table_name as name,
      table_schema as "schema",
      case when table_type = 'BASE TABLE' then 'table'
           when table_type = 'VIEW' then 'view'
           else table_type
      end as table_type
    from information_schema.tables
    where table_schema = 'my_dbt_db'
  
[0m12:11:07.547136 [debug] [ThreadPool]: SQL status: SUCCESS 7 in 0.0 seconds
[0m12:11:07.548138 [debug] [ThreadPool]: On list_None_my_dbt_db: ROLLBACK
[0m12:11:07.548138 [debug] [ThreadPool]: On list_None_my_dbt_db: Close
[0m12:11:07.550142 [debug] [MainThread]: Sending event: {'category': 'dbt', 'action': 'runnable_timing', 'label': 'e8fb628f-5efe-484b-8551-ee2bd64d8b90', 'context': [<snowplow_tracker.self_describing_json.SelfDescribingJson object at 0x000001E81F126600>]}
[0m12:11:07.550142 [debug] [MainThread]: Using mysql connection "master"
[0m12:11:07.550142 [debug] [MainThread]: On master: BEGIN
[0m12:11:07.551137 [debug] [MainThread]: Opening a new connection, currently in state init
[0m12:11:07.556141 [debug] [MainThread]: SQL status: SUCCESS 0 in 0.0 seconds
[0m12:11:07.557136 [debug] [MainThread]: On master: COMMIT
[0m12:11:07.557136 [debug] [MainThread]: Using mysql connection "master"
[0m12:11:07.557136 [debug] [MainThread]: On master: COMMIT
[0m12:11:07.558137 [debug] [MainThread]: SQL status: SUCCESS 0 in 0.0 seconds
[0m12:11:07.558137 [debug] [MainThread]: On master: Close
[0m12:11:07.558137 [info ] [MainThread]: Concurrency: 1 threads (target='dev')
[0m12:11:07.559144 [info ] [MainThread]: 
[0m12:11:07.561044 [debug] [Thread-1 (]: Began running node model.dbt_quest.stg_customers
[0m12:11:07.562051 [info ] [Thread-1 (]: 1 of 2 START sql view model my_dbt_db.stg_customers ............................ [RUN]
[0m12:11:07.562051 [debug] [Thread-1 (]: Acquiring new mysql connection 'model.dbt_quest.stg_customers'
[0m12:11:07.562051 [debug] [Thread-1 (]: Began compiling node model.dbt_quest.stg_customers
[0m12:11:07.568051 [debug] [Thread-1 (]: Writing injected SQL for node "model.dbt_quest.stg_customers"
[0m12:11:07.569049 [debug] [Thread-1 (]: Timing info for model.dbt_quest.stg_customers (compile): 12:11:07.563052 => 12:11:07.568051
[0m12:11:07.569049 [debug] [Thread-1 (]: Began executing node model.dbt_quest.stg_customers
[0m12:11:07.595571 [debug] [Thread-1 (]: Writing runtime sql for node "model.dbt_quest.stg_customers"
[0m12:11:07.597569 [debug] [Thread-1 (]: Using mysql connection "model.dbt_quest.stg_customers"
[0m12:11:07.597569 [debug] [Thread-1 (]: On model.dbt_quest.stg_customers: BEGIN
[0m12:11:07.598572 [debug] [Thread-1 (]: Opening a new connection, currently in state init
[0m12:11:07.606006 [debug] [Thread-1 (]: SQL status: SUCCESS 0 in 0.0 seconds
[0m12:11:07.606006 [debug] [Thread-1 (]: Using mysql connection "model.dbt_quest.stg_customers"
[0m12:11:07.607012 [debug] [Thread-1 (]: On model.dbt_quest.stg_customers: /* {"app": "dbt", "dbt_version": "1.7.9", "profile_name": "dbt_quest", "target_name": "dev", "node_id": "model.dbt_quest.stg_customers"} */

  create view `my_dbt_db`.`stg_customers__dbt_tmp`
    
    
  as (
    with source as (
    select * from `my_dbt_db`.`raw_customers`
),
renamed as (
    select
        id as customer_id,
        name as customer_name
    from source
)
select * from renamed
  );
[0m12:11:07.610378 [debug] [Thread-1 (]: SQL status: SUCCESS 0 in 0.0 seconds
[0m12:11:07.615387 [debug] [Thread-1 (]: Using mysql connection "model.dbt_quest.stg_customers"
[0m12:11:07.615387 [debug] [Thread-1 (]: On model.dbt_quest.stg_customers: /* {"app": "dbt", "dbt_version": "1.7.9", "profile_name": "dbt_quest", "target_name": "dev", "node_id": "model.dbt_quest.stg_customers"} */

    drop view if exists `my_dbt_db`.`stg_customers__dbt_backup` cascade
  
[0m12:11:07.617385 [debug] [Thread-1 (]: SQL status: SUCCESS 0 in 0.0 seconds
[0m12:11:07.618392 [debug] [Thread-1 (]: Using mysql connection "model.dbt_quest.stg_customers"
[0m12:11:07.619388 [debug] [Thread-1 (]: On model.dbt_quest.stg_customers: /* {"app": "dbt", "dbt_version": "1.7.9", "profile_name": "dbt_quest", "target_name": "dev", "node_id": "model.dbt_quest.stg_customers"} */

    rename table `my_dbt_db`.`stg_customers` to `my_dbt_db`.`stg_customers__dbt_backup`
  
[0m12:11:07.621392 [debug] [Thread-1 (]: SQL status: SUCCESS 0 in 0.0 seconds
[0m12:11:07.625394 [debug] [Thread-1 (]: Using mysql connection "model.dbt_quest.stg_customers"
[0m12:11:07.625394 [debug] [Thread-1 (]: On model.dbt_quest.stg_customers: /* {"app": "dbt", "dbt_version": "1.7.9", "profile_name": "dbt_quest", "target_name": "dev", "node_id": "model.dbt_quest.stg_customers"} */

    drop view if exists `my_dbt_db`.`stg_customers` cascade
  
[0m12:11:07.627391 [debug] [Thread-1 (]: SQL status: SUCCESS 0 in 0.0 seconds
[0m12:11:07.628402 [debug] [Thread-1 (]: Using mysql connection "model.dbt_quest.stg_customers"
[0m12:11:07.628402 [debug] [Thread-1 (]: On model.dbt_quest.stg_customers: /* {"app": "dbt", "dbt_version": "1.7.9", "profile_name": "dbt_quest", "target_name": "dev", "node_id": "model.dbt_quest.stg_customers"} */

    rename table `my_dbt_db`.`stg_customers__dbt_tmp` to `my_dbt_db`.`stg_customers`
  
[0m12:11:07.629392 [debug] [Thread-1 (]: SQL status: SUCCESS 0 in 0.0 seconds
[0m12:11:07.641705 [debug] [Thread-1 (]: On model.dbt_quest.stg_customers: COMMIT
[0m12:11:07.642707 [debug] [Thread-1 (]: Using mysql connection "model.dbt_quest.stg_customers"
[0m12:11:07.642707 [debug] [Thread-1 (]: On model.dbt_quest.stg_customers: COMMIT
[0m12:11:07.643707 [debug] [Thread-1 (]: SQL status: SUCCESS 0 in 0.0 seconds
[0m12:11:07.647709 [debug] [Thread-1 (]: Using mysql connection "model.dbt_quest.stg_customers"
[0m12:11:07.647709 [debug] [Thread-1 (]: On model.dbt_quest.stg_customers: /* {"app": "dbt", "dbt_version": "1.7.9", "profile_name": "dbt_quest", "target_name": "dev", "node_id": "model.dbt_quest.stg_customers"} */
drop view if exists `my_dbt_db`.`stg_customers__dbt_backup`
[0m12:11:07.650710 [debug] [Thread-1 (]: SQL status: SUCCESS 0 in 0.0 seconds
[0m12:11:07.652708 [debug] [Thread-1 (]: Timing info for model.dbt_quest.stg_customers (execute): 12:11:07.569049 => 12:11:07.652708
[0m12:11:07.652708 [debug] [Thread-1 (]: On model.dbt_quest.stg_customers: Close
[0m12:11:07.653707 [debug] [Thread-1 (]: Sending event: {'category': 'dbt', 'action': 'run_model', 'label': 'e8fb628f-5efe-484b-8551-ee2bd64d8b90', 'context': [<snowplow_tracker.self_describing_json.SelfDescribingJson object at 0x000001E81FD792B0>]}
[0m12:11:07.653707 [info ] [Thread-1 (]: 1 of 2 OK created sql view model my_dbt_db.stg_customers ....................... [[32mSUCCESS 0[0m in 0.09s]
[0m12:11:07.654707 [debug] [Thread-1 (]: Finished running node model.dbt_quest.stg_customers
[0m12:11:07.654707 [debug] [Thread-1 (]: Began running node model.dbt_quest.stg_orders
[0m12:11:07.655706 [info ] [Thread-1 (]: 2 of 2 START sql view model my_dbt_db.stg_orders ............................... [RUN]
[0m12:11:07.655706 [debug] [Thread-1 (]: Re-using an available connection from the pool (formerly model.dbt_quest.stg_customers, now model.dbt_quest.stg_orders)
[0m12:11:07.656715 [debug] [Thread-1 (]: Began compiling node model.dbt_quest.stg_orders
[0m12:11:07.657713 [debug] [Thread-1 (]: Writing injected SQL for node "model.dbt_quest.stg_orders"
[0m12:11:07.658707 [debug] [Thread-1 (]: Timing info for model.dbt_quest.stg_orders (compile): 12:11:07.656715 => 12:11:07.658707
[0m12:11:07.658707 [debug] [Thread-1 (]: Began executing node model.dbt_quest.stg_orders
[0m12:11:07.661711 [debug] [Thread-1 (]: Writing runtime sql for node "model.dbt_quest.stg_orders"
[0m12:11:07.661711 [debug] [Thread-1 (]: Using mysql connection "model.dbt_quest.stg_orders"
[0m12:11:07.662706 [debug] [Thread-1 (]: On model.dbt_quest.stg_orders: BEGIN
[0m12:11:07.662706 [debug] [Thread-1 (]: Opening a new connection, currently in state closed
[0m12:11:07.666706 [debug] [Thread-1 (]: SQL status: SUCCESS 0 in 0.0 seconds
[0m12:11:07.667706 [debug] [Thread-1 (]: Using mysql connection "model.dbt_quest.stg_orders"
[0m12:11:07.667706 [debug] [Thread-1 (]: On model.dbt_quest.stg_orders: /* {"app": "dbt", "dbt_version": "1.7.9", "profile_name": "dbt_quest", "target_name": "dev", "node_id": "model.dbt_quest.stg_orders"} */

  create view `my_dbt_db`.`stg_orders__dbt_tmp`
    
    
  as (
    with source as (
    select * from `my_dbt_db`.`raw_orders`
),
renamed as (
    select
        id as order_id,
        customer as customer_id,
        ordered_at as order_location,
        store_id as store_id
    from source
)
select * from renamed
  );
[0m12:11:07.671062 [debug] [Thread-1 (]: SQL status: SUCCESS 0 in 0.0 seconds
[0m12:11:07.673083 [debug] [Thread-1 (]: Using mysql connection "model.dbt_quest.stg_orders"
[0m12:11:07.673083 [debug] [Thread-1 (]: On model.dbt_quest.stg_orders: /* {"app": "dbt", "dbt_version": "1.7.9", "profile_name": "dbt_quest", "target_name": "dev", "node_id": "model.dbt_quest.stg_orders"} */

    drop view if exists `my_dbt_db`.`stg_orders` cascade
  
[0m12:11:07.674082 [debug] [Thread-1 (]: SQL status: SUCCESS 0 in 0.0 seconds
[0m12:11:07.675083 [debug] [Thread-1 (]: Using mysql connection "model.dbt_quest.stg_orders"
[0m12:11:07.675083 [debug] [Thread-1 (]: On model.dbt_quest.stg_orders: /* {"app": "dbt", "dbt_version": "1.7.9", "profile_name": "dbt_quest", "target_name": "dev", "node_id": "model.dbt_quest.stg_orders"} */

    rename table `my_dbt_db`.`stg_orders__dbt_tmp` to `my_dbt_db`.`stg_orders`
  
[0m12:11:07.678083 [debug] [Thread-1 (]: SQL status: SUCCESS 0 in 0.0 seconds
[0m12:11:07.679084 [debug] [Thread-1 (]: On model.dbt_quest.stg_orders: COMMIT
[0m12:11:07.679084 [debug] [Thread-1 (]: Using mysql connection "model.dbt_quest.stg_orders"
[0m12:11:07.680083 [debug] [Thread-1 (]: On model.dbt_quest.stg_orders: COMMIT
[0m12:11:07.681082 [debug] [Thread-1 (]: SQL status: SUCCESS 0 in 0.0 seconds
[0m12:11:07.683081 [debug] [Thread-1 (]: Using mysql connection "model.dbt_quest.stg_orders"
[0m12:11:07.683081 [debug] [Thread-1 (]: On model.dbt_quest.stg_orders: /* {"app": "dbt", "dbt_version": "1.7.9", "profile_name": "dbt_quest", "target_name": "dev", "node_id": "model.dbt_quest.stg_orders"} */
drop view if exists `my_dbt_db`.`stg_orders__dbt_backup`
[0m12:11:07.685084 [debug] [Thread-1 (]: SQL status: SUCCESS 0 in 0.0 seconds
[0m12:11:07.686084 [debug] [Thread-1 (]: Timing info for model.dbt_quest.stg_orders (execute): 12:11:07.658707 => 12:11:07.686084
[0m12:11:07.686084 [debug] [Thread-1 (]: On model.dbt_quest.stg_orders: Close
[0m12:11:07.687592 [debug] [Thread-1 (]: Sending event: {'category': 'dbt', 'action': 'run_model', 'label': 'e8fb628f-5efe-484b-8551-ee2bd64d8b90', 'context': [<snowplow_tracker.self_describing_json.SelfDescribingJson object at 0x000001E81FE27B90>]}
[0m12:11:07.687592 [info ] [Thread-1 (]: 2 of 2 OK created sql view model my_dbt_db.stg_orders .......................... [[32mSUCCESS 0[0m in 0.03s]
[0m12:11:07.688606 [debug] [Thread-1 (]: Finished running node model.dbt_quest.stg_orders
[0m12:11:07.691600 [debug] [MainThread]: Using mysql connection "master"
[0m12:11:07.691600 [debug] [MainThread]: On master: BEGIN
[0m12:11:07.691600 [debug] [MainThread]: Opening a new connection, currently in state closed
[0m12:11:07.696600 [debug] [MainThread]: SQL status: SUCCESS 0 in 0.0 seconds
[0m12:11:07.696600 [debug] [MainThread]: On master: COMMIT
[0m12:11:07.697599 [debug] [MainThread]: Using mysql connection "master"
[0m12:11:07.697599 [debug] [MainThread]: On master: COMMIT
[0m12:11:07.697599 [debug] [MainThread]: SQL status: SUCCESS 0 in 0.0 seconds
[0m12:11:07.697599 [debug] [MainThread]: On master: Close
[0m12:11:07.698599 [debug] [MainThread]: Connection 'master' was properly closed.
[0m12:11:07.698599 [debug] [MainThread]: Connection 'list_schemas' was properly closed.
[0m12:11:07.698599 [debug] [MainThread]: Connection 'list_None_my_dbt_db' was properly closed.
[0m12:11:07.698599 [debug] [MainThread]: Connection 'model.dbt_quest.stg_orders' was properly closed.
[0m12:11:07.699600 [info ] [MainThread]: 
[0m12:11:07.699600 [info ] [MainThread]: Finished running 2 view models in 0 hours 0 minutes and 0.19 seconds (0.19s).
[0m12:11:07.700601 [debug] [MainThread]: Command end result
[0m12:11:07.707543 [info ] [MainThread]: 
[0m12:11:07.708048 [info ] [MainThread]: [32mCompleted successfully[0m
[0m12:11:07.708048 [info ] [MainThread]: 
[0m12:11:07.709059 [info ] [MainThread]: Done. PASS=2 WARN=0 ERROR=0 SKIP=0 TOTAL=2
[0m12:11:07.710054 [debug] [MainThread]: Command `dbt run` succeeded at 12:11:07.709059 after 0.75 seconds
[0m12:11:07.710054 [debug] [MainThread]: Sending event: {'category': 'dbt', 'action': 'invocation', 'label': 'end', 'context': [<snowplow_tracker.self_describing_json.SelfDescribingJson object at 0x000001E81FCC6C30>, <snowplow_tracker.self_describing_json.SelfDescribingJson object at 0x000001E81F716E70>, <snowplow_tracker.self_describing_json.SelfDescribingJson object at 0x000001E81F6EA600>]}
[0m12:11:07.710054 [debug] [MainThread]: Flushing usage events
